<?xml version="1.0" encoding="UTF-8"?>
<coverage generated="1748757038866" clover="3.2.0">
  <project timestamp="1748757038866" name="All files">
    <metrics statements="128" coveredstatements="113" conditionals="58" coveredconditionals="52" methods="30" coveredmethods="24" elements="216" coveredelements="189" complexity="0" loc="128" ncloc="128" packages="1" files="2" classes="2"/>
    <file name="AnimatedEmoji.tsx" path="/Users/antoineanthony/Desktop/workshop/potty-timer/AnimatedEmoji.tsx">
      <metrics statements="24" coveredstatements="23" conditionals="13" coveredconditionals="12" methods="6" coveredmethods="4"/>
      <line num="24" count="1" type="stmt"/>
      <line num="38" count="1" type="stmt"/>
      <line num="44" count="24" type="stmt"/>
      <line num="45" count="24" type="stmt"/>
      <line num="46" count="24" type="stmt"/>
      <line num="49" count="24" type="cond" truecount="2" falsecount="0"/>
      <line num="51" count="24" type="cond" truecount="4" falsecount="0"/>
      <line num="56" count="24" type="cond" truecount="2" falsecount="0"/>
      <line num="60" count="24" type="stmt"/>
      <line num="62" count="24" type="stmt"/>
      <line num="64" count="24" type="stmt"/>
      <line num="66" count="14" type="stmt"/>
      <line num="72" count="14" type="stmt"/>
      <line num="79" count="14" type="cond" truecount="1" falsecount="1"/>
      <line num="80" count="14" type="stmt"/>
      <line num="81" count="0" type="stmt"/>
      <line num="85" count="14" type="stmt"/>
      <line num="91" count="24" type="cond" truecount="2" falsecount="0"/>
      <line num="92" count="10" type="stmt"/>
      <line num="93" count="10" type="stmt"/>
      <line num="95" count="14" type="stmt"/>
      <line num="100" count="24" type="stmt"/>
      <line num="106" count="24" type="stmt"/>
      <line num="114" count="1" type="stmt"/>
    </file>
    <file name="App.tsx" path="/Users/antoineanthony/Desktop/workshop/potty-timer/App.tsx">
      <metrics statements="104" coveredstatements="90" conditionals="45" coveredconditionals="40" methods="24" coveredmethods="20"/>
      <line num="30" count="1" type="stmt"/>
      <line num="31" count="0" type="stmt"/>
      <line num="43" count="1" type="stmt"/>
      <line num="44" count="15" type="stmt"/>
      <line num="45" count="15" type="stmt"/>
      <line num="46" count="15" type="stmt"/>
      <line num="59" count="0" type="stmt"/>
      <line num="66" count="1" type="stmt"/>
      <line num="67" count="16" type="cond" truecount="1" falsecount="1"/>
      <line num="68" count="0" type="stmt"/>
      <line num="69" count="0" type="stmt"/>
      <line num="71" count="16" type="stmt"/>
      <line num="72" count="16" type="cond" truecount="2" falsecount="0"/>
      <line num="73" count="1" type="stmt"/>
      <line num="75" count="1" type="stmt"/>
      <line num="76" count="1" type="stmt"/>
      <line num="78" count="15" type="stmt"/>
      <line num="80" count="15" type="stmt"/>
      <line num="87" count="63" type="stmt"/>
      <line num="88" count="63" type="stmt"/>
      <line num="89" count="63" type="stmt"/>
      <line num="90" count="63" type="stmt"/>
      <line num="91" count="63" type="stmt"/>
      <line num="92" count="63" type="stmt"/>
      <line num="93" count="63" type="stmt"/>
      <line num="94" count="63" type="stmt"/>
      <line num="95" count="63" type="stmt"/>
      <line num="98" count="63" type="stmt"/>
      <line num="109" count="63" type="stmt"/>
      <line num="111" count="16" type="stmt"/>
      <line num="114" count="16" type="stmt"/>
      <line num="115" count="1" type="cond" truecount="1" falsecount="1"/>
      <line num="119" count="0" type="stmt"/>
      <line num="121" count="1" type="stmt"/>
      <line num="123" count="16" type="stmt"/>
      <line num="124" count="16" type="stmt"/>
      <line num="128" count="63" type="stmt"/>
      <line num="130" count="22" type="stmt"/>
      <line num="132" count="22" type="stmt"/>
      <line num="133" count="1" type="stmt"/>
      <line num="137" count="22" type="stmt"/>
      <line num="138" count="22" type="cond" truecount="2" falsecount="0"/>
      <line num="139" count="5" type="stmt"/>
      <line num="140" count="0" type="stmt"/>
      <line num="144" count="22" type="stmt"/>
      <line num="145" count="22" type="stmt"/>
      <line num="146" count="22" type="cond" truecount="2" falsecount="0"/>
      <line num="147" count="5" type="stmt"/>
      <line num="153" count="63" type="stmt"/>
      <line num="154" count="17" type="cond" truecount="2" falsecount="0"/>
      <line num="155" count="1" type="stmt"/>
      <line num="156" count="1" type="stmt"/>
      <line num="157" count="0" type="stmt"/>
      <line num="158" count="0" type="stmt"/>
      <line num="160" count="0" type="stmt"/>
      <line num="163" count="16" type="cond" truecount="1" falsecount="1"/>
      <line num="164" count="0" type="stmt"/>
      <line num="165" count="0" type="stmt"/>
      <line num="167" count="16" type="stmt"/>
      <line num="170" count="17" type="stmt"/>
      <line num="171" count="17" type="cond" truecount="2" falsecount="0"/>
      <line num="172" count="1" type="stmt"/>
      <line num="178" count="63" type="stmt"/>
      <line num="179" count="17" type="cond" truecount="2" falsecount="0"/>
      <line num="181" count="16" type="stmt"/>
      <line num="186" count="63" type="stmt"/>
      <line num="187" count="0" type="stmt"/>
      <line num="192" count="23" type="stmt"/>
      <line num="193" count="23" type="stmt"/>
      <line num="195" count="23" type="stmt"/>
      <line num="200" count="1" type="stmt"/>
      <line num="202" count="1" type="stmt"/>
      <line num="206" count="63" type="stmt"/>
      <line num="207" count="1" type="cond" truecount="1" falsecount="1"/>
      <line num="209" count="0" type="stmt"/>
      <line num="211" count="0" type="stmt"/>
      <line num="214" count="1" type="stmt"/>
      <line num="215" count="1" type="stmt"/>
      <line num="220" count="63" type="stmt"/>
      <line num="222" count="16" type="cond" truecount="2" falsecount="0"/>
      <line num="223" count="1" type="stmt"/>
      <line num="224" count="1" type="stmt"/>
      <line num="226" count="1" type="stmt"/>
      <line num="227" count="1" type="stmt"/>
      <line num="230" count="15" type="stmt"/>
      <line num="231" count="15" type="stmt"/>
      <line num="234" count="15" type="stmt"/>
      <line num="236" count="15" type="cond" truecount="2" falsecount="0"/>
      <line num="238" count="5" type="stmt"/>
      <line num="239" count="5" type="stmt"/>
      <line num="241" count="5" type="stmt"/>
      <line num="245" count="15" type="stmt"/>
      <line num="246" count="1" type="stmt"/>
      <line num="251" count="63" type="cond" truecount="4" falsecount="0"/>
      <line num="254" count="63" type="stmt"/>
      <line num="255" count="63" type="cond" truecount="2" falsecount="0"/>
      <line num="257" count="1" type="stmt"/>
      <line num="258" count="1" type="stmt"/>
      <line num="260" count="1" type="stmt"/>
      <line num="261" count="8" type="stmt"/>
      <line num="271" count="1" type="stmt"/>
      <line num="274" count="63" type="stmt"/>
      <line num="344" count="16" type="stmt"/>
      <line num="351" count="1" type="stmt"/>
    </file>
  </project>
</coverage>
