{"/Users/antoineanthony/Desktop/workshop/potty-timer/AnimatedEmoji.tsx": {"path":"/Users/antoineanthony/Desktop/workshop/potty-timer/AnimatedEmoji.tsx","statementMap":{"0":{"start":{"line":24,"column":15},"end":{"line":24,"column":75}},"1":{"start":{"line":38,"column":52},"end":{"line":112,"column":1}},"2":{"start":{"line":44,"column":21},"end":{"line":44,"column":49}},"3":{"start":{"line":45,"column":18},"end":{"line":45,"column":35}},"4":{"start":{"line":46,"column":16},"end":{"line":46,"column":33}},"5":{"start":{"line":49,"column":29},"end":{"line":49,"column":70}},"6":{"start":{"line":51,"column":4},"end":{"line":52,"column":22}},"7":{"start":{"line":56,"column":4},"end":{"line":58,"column":49}},"8":{"start":{"line":60,"column":16},"end":{"line":60,"column":65}},"9":{"start":{"line":62,"column":2},"end":{"line":97,"column":14}},"10":{"start":{"line":64,"column":28},"end":{"line":89,"column":5}},"11":{"start":{"line":66,"column":6},"end":{"line":69,"column":9}},"12":{"start":{"line":72,"column":6},"end":{"line":75,"column":8}},"13":{"start":{"line":79,"column":6},"end":{"line":83,"column":7}},"14":{"start":{"line":80,"column":8},"end":{"line":82,"column":17}},"15":{"start":{"line":81,"column":10},"end":{"line":81,"column":35}},"16":{"start":{"line":85,"column":6},"end":{"line":88,"column":9}},"17":{"start":{"line":91,"column":4},"end":{"line":96,"column":5}},"18":{"start":{"line":92,"column":24},"end":{"line":92,"column":58}},"19":{"start":{"line":93,"column":6},"end":{"line":93,"column":43}},"20":{"start":{"line":93,"column":19},"end":{"line":93,"column":42}},"21":{"start":{"line":95,"column":6},"end":{"line":95,"column":24}},"22":{"start":{"line":100,"column":24},"end":{"line":104,"column":5}},"23":{"start":{"line":100,"column":48},"end":{"line":104,"column":3}},"24":{"start":{"line":106,"column":2},"end":{"line":111,"column":4}},"25":{"start":{"line":114,"column":15},"end":{"line":119,"column":2}}},"fnMap":{"0":{"name":"(anonymous_0)","decl":{"start":{"line":38,"column":52},"end":{"line":38,"column":53}},"loc":{"start":{"line":42,"column":6},"end":{"line":112,"column":1}},"line":42},"1":{"name":"(anonymous_1)","decl":{"start":{"line":62,"column":12},"end":{"line":62,"column":13}},"loc":{"start":{"line":62,"column":18},"end":{"line":97,"column":3}},"line":62},"2":{"name":"(anonymous_2)","decl":{"start":{"line":64,"column":28},"end":{"line":64,"column":29}},"loc":{"start":{"line":64,"column":34},"end":{"line":89,"column":5}},"line":64},"3":{"name":"(anonymous_3)","decl":{"start":{"line":80,"column":19},"end":{"line":80,"column":20}},"loc":{"start":{"line":80,"column":25},"end":{"line":82,"column":9}},"line":80},"4":{"name":"(anonymous_4)","decl":{"start":{"line":93,"column":13},"end":{"line":93,"column":14}},"loc":{"start":{"line":93,"column":19},"end":{"line":93,"column":42}},"line":93},"5":{"name":"(anonymous_5)","decl":{"start":{"line":100,"column":41},"end":{"line":100,"column":42}},"loc":{"start":{"line":100,"column":48},"end":{"line":104,"column":3}},"line":100}},"branchMap":{"0":{"loc":{"start":{"line":41,"column":2},"end":{"line":41,"column":11}},"type":"default-arg","locations":[{"start":{"line":41,"column":10},"end":{"line":41,"column":11}}],"line":41},"1":{"loc":{"start":{"line":49,"column":29},"end":{"line":49,"column":70}},"type":"cond-expr","locations":[{"start":{"line":49,"column":41},"end":{"line":49,"column":66}},{"start":{"line":49,"column":69},"end":{"line":49,"column":70}}],"line":49},"2":{"loc":{"start":{"line":51,"column":5},"end":{"line":51,"column":58}},"type":"cond-expr","locations":[{"start":{"line":51,"column":25},"end":{"line":51,"column":27}},{"start":{"line":51,"column":30},"end":{"line":51,"column":58}}],"line":51},"3":{"loc":{"start":{"line":51,"column":30},"end":{"line":51,"column":58}},"type":"cond-expr","locations":[{"start":{"line":51,"column":50},"end":{"line":51,"column":52}},{"start":{"line":51,"column":55},"end":{"line":51,"column":58}}],"line":51},"4":{"loc":{"start":{"line":56,"column":4},"end":{"line":58,"column":49}},"type":"cond-expr","locations":[{"start":{"line":57,"column":8},"end":{"line":57,"column":49}},{"start":{"line":58,"column":8},"end":{"line":58,"column":49}}],"line":56},"5":{"loc":{"start":{"line":79,"column":6},"end":{"line":83,"column":7}},"type":"if","locations":[{"start":{"line":79,"column":6},"end":{"line":83,"column":7}},{"start":{},"end":{}}],"line":79},"6":{"loc":{"start":{"line":91,"column":4},"end":{"line":96,"column":5}},"type":"if","locations":[{"start":{"line":91,"column":4},"end":{"line":96,"column":5}},{"start":{"line":94,"column":11},"end":{"line":96,"column":5}}],"line":91}},"s":{"0":1,"1":1,"2":24,"3":24,"4":24,"5":24,"6":24,"7":24,"8":24,"9":24,"10":24,"11":14,"12":14,"13":14,"14":14,"15":0,"16":14,"17":24,"18":10,"19":10,"20":10,"21":14,"22":24,"23":0,"24":24,"25":1},"f":{"0":24,"1":24,"2":14,"3":0,"4":10,"5":0},"b":{"0":[11],"1":[10,14],"2":[21,3],"3":[1,2],"4":[10,14],"5":[14,0],"6":[10,14]},"_coverageSchema":"1a1c01bbd47fc00a2c39e90264f33305004495a9","hash":"b83a061129ffaa44c8088c9f1b8708e313baa88f"}
,"/Users/antoineanthony/Desktop/workshop/potty-timer/App.tsx": {"path":"/Users/antoineanthony/Desktop/workshop/potty-timer/App.tsx","statementMap":{"0":{"start":{"line":30,"column":0},"end":{"line":38,"column":3}},"1":{"start":{"line":31,"column":35},"end":{"line":37,"column":3}},"2":{"start":{"line":43,"column":35},"end":{"line":61,"column":1}},"3":{"start":{"line":44,"column":2},"end":{"line":60,"column":3}},"4":{"start":{"line":45,"column":4},"end":{"line":45,"column":63}},"5":{"start":{"line":46,"column":4},"end":{"line":57,"column":7}},"6":{"start":{"line":59,"column":4},"end":{"line":59,"column":59}},"7":{"start":{"line":66,"column":41},"end":{"line":81,"column":1}},"8":{"start":{"line":67,"column":2},"end":{"line":70,"column":3}},"9":{"start":{"line":68,"column":4},"end":{"line":68,"column":59}},"10":{"start":{"line":69,"column":4},"end":{"line":69,"column":11}},"11":{"start":{"line":71,"column":21},"end":{"line":71,"column":66}},"12":{"start":{"line":72,"column":2},"end":{"line":77,"column":3}},"13":{"start":{"line":73,"column":4},"end":{"line":73,"column":55}},"14":{"start":{"line":75,"column":4},"end":{"line":75,"column":76}},"15":{"start":{"line":76,"column":4},"end":{"line":76,"column":11}},"16":{"start":{"line":78,"column":2},"end":{"line":78,"column":37}},"17":{"start":{"line":80,"column":2},"end":{"line":80,"column":76}},"18":{"start":{"line":87,"column":36},"end":{"line":87,"column":51}},"19":{"start":{"line":88,"column":54},"end":{"line":88,"column":69}},"20":{"start":{"line":89,"column":48},"end":{"line":89,"column":67}},"21":{"start":{"line":90,"column":44},"end":{"line":90,"column":58}},"22":{"start":{"line":91,"column":36},"end":{"line":91,"column":51}},"23":{"start":{"line":92,"column":56},"end":{"line":92,"column":67}},"24":{"start":{"line":93,"column":28},"end":{"line":93,"column":49}},"25":{"start":{"line":94,"column":19},"end":{"line":94,"column":64}},"26":{"start":{"line":95,"column":24},"end":{"line":95,"column":41}},"27":{"start":{"line":98,"column":29},"end":{"line":107,"column":3}},"28":{"start":{"line":109,"column":2},"end":{"line":126,"column":9}},"29":{"start":{"line":111,"column":4},"end":{"line":111,"column":39}},"30":{"start":{"line":114,"column":25},"end":{"line":122,"column":6}},"31":{"start":{"line":115,"column":6},"end":{"line":120,"column":7}},"32":{"start":{"line":119,"column":8},"end":{"line":119,"column":37}},"33":{"start":{"line":121,"column":6},"end":{"line":121,"column":38}},"34":{"start":{"line":123,"column":4},"end":{"line":125,"column":6}},"35":{"start":{"line":124,"column":6},"end":{"line":124,"column":28}},"36":{"start":{"line":128,"column":2},"end":{"line":150,"column":18}},"37":{"start":{"line":130,"column":4},"end":{"line":130,"column":19}},"38":{"start":{"line":132,"column":21},"end":{"line":134,"column":22}},"39":{"start":{"line":133,"column":6},"end":{"line":133,"column":32}},"40":{"start":{"line":137,"column":27},"end":{"line":137,"column":31}},"41":{"start":{"line":138,"column":4},"end":{"line":142,"column":5}},"42":{"start":{"line":139,"column":6},"end":{"line":141,"column":15}},"43":{"start":{"line":140,"column":8},"end":{"line":140,"column":34}},"44":{"start":{"line":144,"column":4},"end":{"line":149,"column":6}},"45":{"start":{"line":145,"column":6},"end":{"line":145,"column":30}},"46":{"start":{"line":146,"column":6},"end":{"line":148,"column":7}},"47":{"start":{"line":147,"column":8},"end":{"line":147,"column":34}},"48":{"start":{"line":153,"column":2},"end":{"line":175,"column":27}},"49":{"start":{"line":154,"column":4},"end":{"line":168,"column":5}},"50":{"start":{"line":155,"column":23},"end":{"line":155,"column":24}},"51":{"start":{"line":156,"column":6},"end":{"line":161,"column":14}},"52":{"start":{"line":157,"column":8},"end":{"line":157,"column":59}},"53":{"start":{"line":158,"column":8},"end":{"line":158,"column":66}},"54":{"start":{"line":160,"column":8},"end":{"line":160,"column":64}},"55":{"start":{"line":163,"column":6},"end":{"line":166,"column":7}},"56":{"start":{"line":164,"column":8},"end":{"line":164,"column":45}},"57":{"start":{"line":165,"column":8},"end":{"line":165,"column":37}},"58":{"start":{"line":167,"column":6},"end":{"line":167,"column":36}},"59":{"start":{"line":170,"column":4},"end":{"line":174,"column":6}},"60":{"start":{"line":171,"column":6},"end":{"line":173,"column":7}},"61":{"start":{"line":172,"column":8},"end":{"line":172,"column":45}},"62":{"start":{"line":178,"column":2},"end":{"line":183,"column":27}},"63":{"start":{"line":179,"column":4},"end":{"line":182,"column":5}},"64":{"start":{"line":181,"column":6},"end":{"line":181,"column":29}},"65":{"start":{"line":186,"column":34},"end":{"line":188,"column":3}},"66":{"start":{"line":187,"column":4},"end":{"line":187,"column":30}},"67":{"start":{"line":192,"column":4},"end":{"line":192,"column":23}},"68":{"start":{"line":193,"column":4},"end":{"line":193,"column":48}},"69":{"start":{"line":193,"column":21},"end":{"line":193,"column":40}},"70":{"start":{"line":195,"column":4},"end":{"line":195,"column":60}},"71":{"start":{"line":200,"column":4},"end":{"line":200,"column":32}},"72":{"start":{"line":202,"column":4},"end":{"line":202,"column":72}},"73":{"start":{"line":206,"column":32},"end":{"line":217,"column":3}},"74":{"start":{"line":207,"column":4},"end":{"line":216,"column":5}},"75":{"start":{"line":209,"column":6},"end":{"line":209,"column":35}},"76":{"start":{"line":211,"column":6},"end":{"line":211,"column":80}},"77":{"start":{"line":214,"column":6},"end":{"line":214,"column":67}},"78":{"start":{"line":215,"column":6},"end":{"line":215,"column":21}},"79":{"start":{"line":220,"column":31},"end":{"line":248,"column":3}},"80":{"start":{"line":222,"column":4},"end":{"line":228,"column":5}},"81":{"start":{"line":223,"column":6},"end":{"line":223,"column":26}},"82":{"start":{"line":224,"column":6},"end":{"line":224,"column":32}},"83":{"start":{"line":226,"column":6},"end":{"line":226,"column":68}},"84":{"start":{"line":227,"column":6},"end":{"line":227,"column":13}},"85":{"start":{"line":230,"column":24},"end":{"line":230,"column":47}},"86":{"start":{"line":231,"column":4},"end":{"line":231,"column":40}},"87":{"start":{"line":234,"column":4},"end":{"line":234,"column":66}},"88":{"start":{"line":236,"column":4},"end":{"line":242,"column":5}},"89":{"start":{"line":238,"column":6},"end":{"line":238,"column":25}},"90":{"start":{"line":239,"column":6},"end":{"line":239,"column":32}},"91":{"start":{"line":241,"column":6},"end":{"line":241,"column":80}},"92":{"start":{"line":245,"column":4},"end":{"line":247,"column":13}},"93":{"start":{"line":246,"column":6},"end":{"line":246,"column":32}},"94":{"start":{"line":251,"column":23},"end":{"line":251,"column":63}},"95":{"start":{"line":254,"column":31},"end":{"line":272,"column":3}},"96":{"start":{"line":255,"column":4},"end":{"line":255,"column":41}},"97":{"start":{"line":255,"column":29},"end":{"line":255,"column":41}},"98":{"start":{"line":257,"column":23},"end":{"line":257,"column":24}},"99":{"start":{"line":258,"column":19},"end":{"line":258,"column":21}},"100":{"start":{"line":260,"column":4},"end":{"line":269,"column":5}},"101":{"start":{"line":260,"column":17},"end":{"line":260,"column":18}},"102":{"start":{"line":261,"column":6},"end":{"line":268,"column":8}},"103":{"start":{"line":271,"column":4},"end":{"line":271,"column":18}},"104":{"start":{"line":274,"column":2},"end":{"line":340,"column":4}},"105":{"start":{"line":344,"column":2},"end":{"line":348,"column":4}},"106":{"start":{"line":351,"column":15},"end":{"line":384,"column":2}}},"fnMap":{"0":{"name":"(anonymous_0)","decl":{"start":{"line":31,"column":22},"end":{"line":31,"column":23}},"loc":{"start":{"line":31,"column":35},"end":{"line":37,"column":3}},"line":31},"1":{"name":"(anonymous_1)","decl":{"start":{"line":43,"column":35},"end":{"line":43,"column":36}},"loc":{"start":{"line":43,"column":47},"end":{"line":61,"column":1}},"line":43},"2":{"name":"(anonymous_2)","decl":{"start":{"line":66,"column":41},"end":{"line":66,"column":42}},"loc":{"start":{"line":66,"column":53},"end":{"line":81,"column":1}},"line":66},"3":{"name":"PottyTimerApp","decl":{"start":{"line":83,"column":9},"end":{"line":83,"column":22}},"loc":{"start":{"line":83,"column":25},"end":{"line":341,"column":1}},"line":83},"4":{"name":"(anonymous_4)","decl":{"start":{"line":109,"column":12},"end":{"line":109,"column":13}},"loc":{"start":{"line":109,"column":18},"end":{"line":126,"column":3}},"line":109},"5":{"name":"(anonymous_5)","decl":{"start":{"line":114,"column":61},"end":{"line":114,"column":62}},"loc":{"start":{"line":114,"column":79},"end":{"line":122,"column":5}},"line":114},"6":{"name":"(anonymous_6)","decl":{"start":{"line":123,"column":11},"end":{"line":123,"column":12}},"loc":{"start":{"line":123,"column":17},"end":{"line":125,"column":5}},"line":123},"7":{"name":"(anonymous_7)","decl":{"start":{"line":128,"column":12},"end":{"line":128,"column":13}},"loc":{"start":{"line":128,"column":18},"end":{"line":150,"column":3}},"line":128},"8":{"name":"(anonymous_8)","decl":{"start":{"line":132,"column":33},"end":{"line":132,"column":34}},"loc":{"start":{"line":132,"column":39},"end":{"line":134,"column":5}},"line":132},"9":{"name":"(anonymous_9)","decl":{"start":{"line":139,"column":31},"end":{"line":139,"column":32}},"loc":{"start":{"line":139,"column":37},"end":{"line":141,"column":7}},"line":139},"10":{"name":"(anonymous_10)","decl":{"start":{"line":144,"column":11},"end":{"line":144,"column":12}},"loc":{"start":{"line":144,"column":17},"end":{"line":149,"column":5}},"line":144},"11":{"name":"(anonymous_11)","decl":{"start":{"line":153,"column":12},"end":{"line":153,"column":13}},"loc":{"start":{"line":153,"column":18},"end":{"line":175,"column":3}},"line":153},"12":{"name":"(anonymous_12)","decl":{"start":{"line":156,"column":42},"end":{"line":156,"column":43}},"loc":{"start":{"line":156,"column":48},"end":{"line":161,"column":7}},"line":156},"13":{"name":"(anonymous_13)","decl":{"start":{"line":170,"column":11},"end":{"line":170,"column":12}},"loc":{"start":{"line":170,"column":17},"end":{"line":174,"column":5}},"line":170},"14":{"name":"(anonymous_14)","decl":{"start":{"line":178,"column":12},"end":{"line":178,"column":13}},"loc":{"start":{"line":178,"column":18},"end":{"line":183,"column":3}},"line":178},"15":{"name":"(anonymous_15)","decl":{"start":{"line":186,"column":34},"end":{"line":186,"column":35}},"loc":{"start":{"line":186,"column":40},"end":{"line":188,"column":3}},"line":186},"16":{"name":"triggerEmoji","decl":{"start":{"line":191,"column":11},"end":{"line":191,"column":23}},"loc":{"start":{"line":191,"column":26},"end":{"line":196,"column":3}},"line":191},"17":{"name":"(anonymous_17)","decl":{"start":{"line":193,"column":15},"end":{"line":193,"column":16}},"loc":{"start":{"line":193,"column":21},"end":{"line":193,"column":40}},"line":193},"18":{"name":"triggerNotificationMode","decl":{"start":{"line":199,"column":11},"end":{"line":199,"column":34}},"loc":{"start":{"line":199,"column":37},"end":{"line":203,"column":3}},"line":199},"19":{"name":"(anonymous_19)","decl":{"start":{"line":206,"column":32},"end":{"line":206,"column":33}},"loc":{"start":{"line":206,"column":44},"end":{"line":217,"column":3}},"line":206},"20":{"name":"(anonymous_20)","decl":{"start":{"line":220,"column":31},"end":{"line":220,"column":32}},"loc":{"start":{"line":220,"column":43},"end":{"line":248,"column":3}},"line":220},"21":{"name":"(anonymous_21)","decl":{"start":{"line":245,"column":15},"end":{"line":245,"column":16}},"loc":{"start":{"line":245,"column":21},"end":{"line":247,"column":5}},"line":245},"22":{"name":"(anonymous_22)","decl":{"start":{"line":254,"column":31},"end":{"line":254,"column":32}},"loc":{"start":{"line":254,"column":37},"end":{"line":272,"column":3}},"line":254},"23":{"name":"App","decl":{"start":{"line":343,"column":24},"end":{"line":343,"column":27}},"loc":{"start":{"line":343,"column":30},"end":{"line":349,"column":1}},"line":343}},"branchMap":{"0":{"loc":{"start":{"line":67,"column":2},"end":{"line":70,"column":3}},"type":"if","locations":[{"start":{"line":67,"column":2},"end":{"line":70,"column":3}},{"start":{},"end":{}}],"line":67},"1":{"loc":{"start":{"line":72,"column":2},"end":{"line":77,"column":3}},"type":"if","locations":[{"start":{"line":72,"column":2},"end":{"line":77,"column":3}},{"start":{},"end":{}}],"line":72},"2":{"loc":{"start":{"line":115,"column":6},"end":{"line":120,"column":7}},"type":"if","locations":[{"start":{"line":115,"column":6},"end":{"line":120,"column":7}},{"start":{},"end":{}}],"line":115},"3":{"loc":{"start":{"line":116,"column":8},"end":{"line":117,"column":33}},"type":"binary-expr","locations":[{"start":{"line":116,"column":8},"end":{"line":116,"column":53}},{"start":{"line":117,"column":8},"end":{"line":117,"column":33}}],"line":116},"4":{"loc":{"start":{"line":138,"column":4},"end":{"line":142,"column":5}},"type":"if","locations":[{"start":{"line":138,"column":4},"end":{"line":142,"column":5}},{"start":{},"end":{}}],"line":138},"5":{"loc":{"start":{"line":146,"column":6},"end":{"line":148,"column":7}},"type":"if","locations":[{"start":{"line":146,"column":6},"end":{"line":148,"column":7}},{"start":{},"end":{}}],"line":146},"6":{"loc":{"start":{"line":154,"column":4},"end":{"line":168,"column":5}},"type":"if","locations":[{"start":{"line":154,"column":4},"end":{"line":168,"column":5}},{"start":{"line":162,"column":11},"end":{"line":168,"column":5}}],"line":154},"7":{"loc":{"start":{"line":163,"column":6},"end":{"line":166,"column":7}},"type":"if","locations":[{"start":{"line":163,"column":6},"end":{"line":166,"column":7}},{"start":{},"end":{}}],"line":163},"8":{"loc":{"start":{"line":171,"column":6},"end":{"line":173,"column":7}},"type":"if","locations":[{"start":{"line":171,"column":6},"end":{"line":173,"column":7}},{"start":{},"end":{}}],"line":171},"9":{"loc":{"start":{"line":179,"column":4},"end":{"line":182,"column":5}},"type":"if","locations":[{"start":{"line":179,"column":4},"end":{"line":182,"column":5}},{"start":{},"end":{}}],"line":179},"10":{"loc":{"start":{"line":207,"column":4},"end":{"line":216,"column":5}},"type":"if","locations":[{"start":{"line":207,"column":4},"end":{"line":216,"column":5}},{"start":{"line":212,"column":11},"end":{"line":216,"column":5}}],"line":207},"11":{"loc":{"start":{"line":222,"column":4},"end":{"line":228,"column":5}},"type":"if","locations":[{"start":{"line":222,"column":4},"end":{"line":228,"column":5}},{"start":{},"end":{}}],"line":222},"12":{"loc":{"start":{"line":236,"column":4},"end":{"line":242,"column":5}},"type":"if","locations":[{"start":{"line":236,"column":4},"end":{"line":242,"column":5}},{"start":{},"end":{}}],"line":236},"13":{"loc":{"start":{"line":251,"column":23},"end":{"line":251,"column":63}},"type":"cond-expr","locations":[{"start":{"line":251,"column":37},"end":{"line":251,"column":39}},{"start":{"line":251,"column":42},"end":{"line":251,"column":63}}],"line":251},"14":{"loc":{"start":{"line":251,"column":42},"end":{"line":251,"column":63}},"type":"cond-expr","locations":[{"start":{"line":251,"column":56},"end":{"line":251,"column":58}},{"start":{"line":251,"column":61},"end":{"line":251,"column":63}}],"line":251},"15":{"loc":{"start":{"line":255,"column":4},"end":{"line":255,"column":41}},"type":"if","locations":[{"start":{"line":255,"column":4},"end":{"line":255,"column":41}},{"start":{},"end":{}}],"line":255},"16":{"loc":{"start":{"line":282,"column":31},"end":{"line":282,"column":52}},"type":"cond-expr","locations":[{"start":{"line":282,"column":45},"end":{"line":282,"column":47}},{"start":{"line":282,"column":50},"end":{"line":282,"column":52}}],"line":282},"17":{"loc":{"start":{"line":288,"column":9},"end":{"line":295,"column":9}},"type":"binary-expr","locations":[{"start":{"line":288,"column":9},"end":{"line":288,"column":28}},{"start":{"line":289,"column":10},"end":{"line":294,"column":12}}],"line":288},"18":{"loc":{"start":{"line":298,"column":11},"end":{"line":322,"column":11}},"type":"cond-expr","locations":[{"start":{"line":299,"column":12},"end":{"line":301,"column":19}},{"start":{"line":303,"column":12},"end":{"line":321,"column":15}}],"line":298},"19":{"loc":{"start":{"line":315,"column":15},"end":{"line":320,"column":15}},"type":"binary-expr","locations":[{"start":{"line":315,"column":15},"end":{"line":315,"column":24}},{"start":{"line":316,"column":16},"end":{"line":319,"column":23}}],"line":315},"20":{"loc":{"start":{"line":326,"column":9},"end":{"line":328,"column":9}},"type":"binary-expr","locations":[{"start":{"line":326,"column":9},"end":{"line":326,"column":18}},{"start":{"line":326,"column":22},"end":{"line":326,"column":41}},{"start":{"line":327,"column":10},"end":{"line":327,"column":69}}],"line":326},"21":{"loc":{"start":{"line":334,"column":11},"end":{"line":336,"column":57}},"type":"cond-expr","locations":[{"start":{"line":335,"column":14},"end":{"line":335,"column":40}},{"start":{"line":336,"column":14},"end":{"line":336,"column":57}}],"line":334}},"s":{"0":1,"1":0,"2":1,"3":15,"4":15,"5":15,"6":0,"7":1,"8":16,"9":0,"10":0,"11":16,"12":16,"13":1,"14":1,"15":1,"16":15,"17":15,"18":63,"19":63,"20":63,"21":63,"22":63,"23":63,"24":63,"25":63,"26":63,"27":63,"28":63,"29":16,"30":16,"31":1,"32":0,"33":1,"34":16,"35":16,"36":63,"37":22,"38":22,"39":1,"40":22,"41":22,"42":5,"43":0,"44":22,"45":22,"46":22,"47":5,"48":63,"49":17,"50":1,"51":1,"52":0,"53":0,"54":0,"55":16,"56":0,"57":0,"58":16,"59":17,"60":17,"61":1,"62":63,"63":17,"64":16,"65":63,"66":0,"67":23,"68":23,"69":4,"70":23,"71":1,"72":1,"73":63,"74":1,"75":0,"76":0,"77":1,"78":1,"79":63,"80":16,"81":1,"82":1,"83":1,"84":1,"85":15,"86":15,"87":15,"88":15,"89":5,"90":5,"91":5,"92":15,"93":1,"94":63,"95":63,"96":63,"97":62,"98":1,"99":1,"100":1,"101":1,"102":8,"103":1,"104":63,"105":16,"106":1},"f":{"0":0,"1":15,"2":16,"3":63,"4":16,"5":1,"6":16,"7":22,"8":1,"9":0,"10":22,"11":17,"12":0,"13":17,"14":17,"15":0,"16":23,"17":4,"18":1,"19":1,"20":16,"21":1,"22":63,"23":16},"b":{"0":[0,16],"1":[1,15],"2":[0,1],"3":[1,0],"4":[5,17],"5":[5,17],"6":[1,16],"7":[0,16],"8":[1,16],"9":[16,1],"10":[0,1],"11":[1,15],"12":[5,10],"13":[2,61],"14":[59,2],"15":[62,1],"16":[61,2],"17":[63,62],"18":[1,62],"19":[62,10],"20":[63,38,38],"21":[1,62]},"_coverageSchema":"1a1c01bbd47fc00a2c39e90264f33305004495a9","hash":"22431fda183b4748f911fa6ce6101043612f1155"}
}
