{"/Users/antoineanthony/Desktop/workshop/potty-timer/AnimatedEmoji.tsx": {"path":"/Users/antoineanthony/Desktop/workshop/potty-timer/AnimatedEmoji.tsx","statementMap":{"0":{"start":{"line":24,"column":15},"end":{"line":24,"column":75}},"1":{"start":{"line":44,"column":52},"end":{"line":158,"column":1}},"2":{"start":{"line":53,"column":21},"end":{"line":53,"column":49}},"3":{"start":{"line":54,"column":18},"end":{"line":54,"column":35}},"4":{"start":{"line":55,"column":16},"end":{"line":55,"column":33}},"5":{"start":{"line":58,"column":29},"end":{"line":58,"column":70}},"6":{"start":{"line":60,"column":4},"end":{"line":61,"column":22}},"7":{"start":{"line":64,"column":40},"end":{"line":85,"column":3}},"8":{"start":{"line":65,"column":4},"end":{"line":67,"column":5}},"9":{"start":{"line":66,"column":6},"end":{"line":66,"column":55}},"10":{"start":{"line":69,"column":23},"end":{"line":69,"column":49}},"11":{"start":{"line":70,"column":21},"end":{"line":70,"column":44}},"12":{"start":{"line":71,"column":23},"end":{"line":71,"column":70}},"13":{"start":{"line":72,"column":28},"end":{"line":72,"column":76}},"14":{"start":{"line":75,"column":24},"end":{"line":75,"column":59}},"15":{"start":{"line":76,"column":23},"end":{"line":76,"column":55}},"16":{"start":{"line":77,"column":26},"end":{"line":77,"column":77}},"17":{"start":{"line":79,"column":4},"end":{"line":84,"column":6}},"18":{"start":{"line":88,"column":15},"end":{"line":88,"column":46}},"19":{"start":{"line":90,"column":16},"end":{"line":90,"column":65}},"20":{"start":{"line":92,"column":2},"end":{"line":143,"column":59}},"21":{"start":{"line":94,"column":28},"end":{"line":135,"column":5}},"22":{"start":{"line":97,"column":26},"end":{"line":97,"column":49}},"23":{"start":{"line":100,"column":6},"end":{"line":109,"column":7}},"24":{"start":{"line":101,"column":27},"end":{"line":101,"column":53}},"25":{"start":{"line":102,"column":25},"end":{"line":102,"column":48}},"26":{"start":{"line":104,"column":8},"end":{"line":106,"column":48}},"27":{"start":{"line":108,"column":8},"end":{"line":108,"column":55}},"28":{"start":{"line":112,"column":6},"end":{"line":115,"column":9}},"29":{"start":{"line":118,"column":6},"end":{"line":121,"column":8}},"30":{"start":{"line":125,"column":6},"end":{"line":129,"column":7}},"31":{"start":{"line":126,"column":8},"end":{"line":128,"column":17}},"32":{"start":{"line":127,"column":10},"end":{"line":127,"column":35}},"33":{"start":{"line":131,"column":6},"end":{"line":134,"column":9}},"34":{"start":{"line":137,"column":4},"end":{"line":142,"column":5}},"35":{"start":{"line":138,"column":24},"end":{"line":138,"column":58}},"36":{"start":{"line":139,"column":6},"end":{"line":139,"column":43}},"37":{"start":{"line":139,"column":19},"end":{"line":139,"column":42}},"38":{"start":{"line":141,"column":6},"end":{"line":141,"column":24}},"39":{"start":{"line":146,"column":24},"end":{"line":150,"column":5}},"40":{"start":{"line":146,"column":48},"end":{"line":150,"column":3}},"41":{"start":{"line":152,"column":2},"end":{"line":157,"column":4}},"42":{"start":{"line":160,"column":15},"end":{"line":165,"column":2}}},"fnMap":{"0":{"name":"(anonymous_0)","decl":{"start":{"line":44,"column":52},"end":{"line":44,"column":53}},"loc":{"start":{"line":51,"column":6},"end":{"line":158,"column":1}},"line":51},"1":{"name":"(anonymous_1)","decl":{"start":{"line":64,"column":40},"end":{"line":64,"column":41}},"loc":{"start":{"line":64,"column":46},"end":{"line":85,"column":3}},"line":64},"2":{"name":"(anonymous_2)","decl":{"start":{"line":92,"column":12},"end":{"line":92,"column":13}},"loc":{"start":{"line":92,"column":18},"end":{"line":143,"column":3}},"line":92},"3":{"name":"(anonymous_3)","decl":{"start":{"line":94,"column":28},"end":{"line":94,"column":29}},"loc":{"start":{"line":94,"column":34},"end":{"line":135,"column":5}},"line":94},"4":{"name":"(anonymous_4)","decl":{"start":{"line":126,"column":19},"end":{"line":126,"column":20}},"loc":{"start":{"line":126,"column":25},"end":{"line":128,"column":9}},"line":126},"5":{"name":"(anonymous_5)","decl":{"start":{"line":139,"column":13},"end":{"line":139,"column":14}},"loc":{"start":{"line":139,"column":19},"end":{"line":139,"column":42}},"line":139},"6":{"name":"(anonymous_6)","decl":{"start":{"line":146,"column":41},"end":{"line":146,"column":42}},"loc":{"start":{"line":146,"column":48},"end":{"line":150,"column":3}},"line":146}},"branchMap":{"0":{"loc":{"start":{"line":47,"column":2},"end":{"line":47,"column":11}},"type":"default-arg","locations":[{"start":{"line":47,"column":10},"end":{"line":47,"column":11}}],"line":47},"1":{"loc":{"start":{"line":48,"column":2},"end":{"line":48,"column":28}},"type":"default-arg","locations":[{"start":{"line":48,"column":23},"end":{"line":48,"column":28}}],"line":48},"2":{"loc":{"start":{"line":49,"column":2},"end":{"line":49,"column":16}},"type":"default-arg","locations":[{"start":{"line":49,"column":15},"end":{"line":49,"column":16}}],"line":49},"3":{"loc":{"start":{"line":50,"column":2},"end":{"line":50,"column":17}},"type":"default-arg","locations":[{"start":{"line":50,"column":16},"end":{"line":50,"column":17}}],"line":50},"4":{"loc":{"start":{"line":58,"column":29},"end":{"line":58,"column":70}},"type":"cond-expr","locations":[{"start":{"line":58,"column":41},"end":{"line":58,"column":66}},{"start":{"line":58,"column":69},"end":{"line":58,"column":70}}],"line":58},"5":{"loc":{"start":{"line":60,"column":5},"end":{"line":60,"column":58}},"type":"cond-expr","locations":[{"start":{"line":60,"column":25},"end":{"line":60,"column":27}},{"start":{"line":60,"column":30},"end":{"line":60,"column":58}}],"line":60},"6":{"loc":{"start":{"line":60,"column":30},"end":{"line":60,"column":58}},"type":"cond-expr","locations":[{"start":{"line":60,"column":50},"end":{"line":60,"column":52}},{"start":{"line":60,"column":55},"end":{"line":60,"column":58}}],"line":60},"7":{"loc":{"start":{"line":65,"column":4},"end":{"line":67,"column":5}},"type":"if","locations":[{"start":{"line":65,"column":4},"end":{"line":67,"column":5}},{"start":{},"end":{}}],"line":65},"8":{"loc":{"start":{"line":71,"column":23},"end":{"line":71,"column":70}},"type":"cond-expr","locations":[{"start":{"line":71,"column":34},"end":{"line":71,"column":44}},{"start":{"line":71,"column":47},"end":{"line":71,"column":70}}],"line":71},"9":{"loc":{"start":{"line":72,"column":28},"end":{"line":72,"column":76}},"type":"cond-expr","locations":[{"start":{"line":72,"column":39},"end":{"line":72,"column":49}},{"start":{"line":72,"column":52},"end":{"line":72,"column":76}}],"line":72},"10":{"loc":{"start":{"line":76,"column":23},"end":{"line":76,"column":55}},"type":"cond-expr","locations":[{"start":{"line":76,"column":34},"end":{"line":76,"column":35}},{"start":{"line":76,"column":38},"end":{"line":76,"column":55}}],"line":76},"11":{"loc":{"start":{"line":100,"column":6},"end":{"line":109,"column":7}},"type":"if","locations":[{"start":{"line":100,"column":6},"end":{"line":109,"column":7}},{"start":{"line":107,"column":13},"end":{"line":109,"column":7}}],"line":100},"12":{"loc":{"start":{"line":104,"column":18},"end":{"line":106,"column":47}},"type":"cond-expr","locations":[{"start":{"line":105,"column":12},"end":{"line":105,"column":47}},{"start":{"line":106,"column":12},"end":{"line":106,"column":47}}],"line":104},"13":{"loc":{"start":{"line":125,"column":6},"end":{"line":129,"column":7}},"type":"if","locations":[{"start":{"line":125,"column":6},"end":{"line":129,"column":7}},{"start":{},"end":{}}],"line":125},"14":{"loc":{"start":{"line":137,"column":4},"end":{"line":142,"column":5}},"type":"if","locations":[{"start":{"line":137,"column":4},"end":{"line":142,"column":5}},{"start":{"line":140,"column":11},"end":{"line":142,"column":5}}],"line":137}},"s":{"0":0,"1":0,"2":0,"3":0,"4":0,"5":0,"6":0,"7":0,"8":0,"9":0,"10":0,"11":0,"12":0,"13":0,"14":0,"15":0,"16":0,"17":0,"18":0,"19":0,"20":0,"21":0,"22":0,"23":0,"24":0,"25":0,"26":0,"27":0,"28":0,"29":0,"30":0,"31":0,"32":0,"33":0,"34":0,"35":0,"36":0,"37":0,"38":0,"39":0,"40":0,"41":0,"42":0},"f":{"0":0,"1":0,"2":0,"3":0,"4":0,"5":0,"6":0},"b":{"0":[0],"1":[0],"2":[0],"3":[0],"4":[0,0],"5":[0,0],"6":[0,0],"7":[0,0],"8":[0,0],"9":[0,0],"10":[0,0],"11":[0,0],"12":[0,0],"13":[0,0],"14":[0,0]}}
,"/Users/antoineanthony/Desktop/workshop/potty-timer/CountdownTimer.tsx": {"path":"/Users/antoineanthony/Desktop/workshop/potty-timer/CountdownTimer.tsx","statementMap":{"0":{"start":{"line":24,"column":34},"end":{"line":24,"column":57}},"1":{"start":{"line":25,"column":24},"end":{"line":25,"column":41}},"2":{"start":{"line":26,"column":19},"end":{"line":26,"column":48}},"3":{"start":{"line":27,"column":23},"end":{"line":27,"column":50}},"4":{"start":{"line":28,"column":28},"end":{"line":28,"column":55}},"5":{"start":{"line":31,"column":21},"end":{"line":37,"column":3}},"6":{"start":{"line":32,"column":17},"end":{"line":32,"column":41}},"7":{"start":{"line":33,"column":17},"end":{"line":33,"column":29}},"8":{"start":{"line":34,"column":4},"end":{"line":36,"column":26}},"9":{"start":{"line":40,"column":21},"end":{"line":40,"column":41}},"10":{"start":{"line":41,"column":17},"end":{"line":41,"column":37}},"11":{"start":{"line":44,"column":2},"end":{"line":48,"column":22}},"12":{"start":{"line":45,"column":4},"end":{"line":45,"column":31}},"13":{"start":{"line":46,"column":4},"end":{"line":46,"column":38}},"14":{"start":{"line":47,"column":4},"end":{"line":47,"column":37}},"15":{"start":{"line":51,"column":2},"end":{"line":80,"column":45}},"16":{"start":{"line":52,"column":25},"end":{"line":77,"column":6}},"17":{"start":{"line":53,"column":6},"end":{"line":75,"column":7}},"18":{"start":{"line":58,"column":8},"end":{"line":70,"column":9}},"19":{"start":{"line":59,"column":33},"end":{"line":59,"column":71}},"20":{"start":{"line":60,"column":31},"end":{"line":60,"column":64}},"21":{"start":{"line":61,"column":30},"end":{"line":64,"column":11}},"22":{"start":{"line":65,"column":10},"end":{"line":65,"column":35}},"23":{"start":{"line":67,"column":10},"end":{"line":69,"column":11}},"24":{"start":{"line":68,"column":12},"end":{"line":68,"column":25}},"25":{"start":{"line":71,"column":8},"end":{"line":71,"column":41}},"26":{"start":{"line":72,"column":13},"end":{"line":75,"column":7}},"27":{"start":{"line":74,"column":8},"end":{"line":74,"column":47}},"28":{"start":{"line":76,"column":6},"end":{"line":76,"column":38}},"29":{"start":{"line":79,"column":4},"end":{"line":79,"column":40}},"30":{"start":{"line":79,"column":17},"end":{"line":79,"column":39}},"31":{"start":{"line":83,"column":2},"end":{"line":108,"column":55}},"32":{"start":{"line":84,"column":4},"end":{"line":84,"column":44}},"33":{"start":{"line":84,"column":37},"end":{"line":84,"column":44}},"34":{"start":{"line":87,"column":4},"end":{"line":89,"column":5}},"35":{"start":{"line":88,"column":6},"end":{"line":88,"column":40}},"36":{"start":{"line":91,"column":21},"end":{"line":105,"column":11}},"37":{"start":{"line":92,"column":6},"end":{"line":104,"column":7}},"38":{"start":{"line":93,"column":24},"end":{"line":93,"column":78}},"39":{"start":{"line":94,"column":28},"end":{"line":94,"column":64}},"40":{"start":{"line":96,"column":8},"end":{"line":96,"column":33}},"41":{"start":{"line":98,"column":8},"end":{"line":103,"column":9}},"42":{"start":{"line":99,"column":10},"end":{"line":101,"column":11}},"43":{"start":{"line":100,"column":12},"end":{"line":100,"column":25}},"44":{"start":{"line":102,"column":10},"end":{"line":102,"column":17}},"45":{"start":{"line":107,"column":4},"end":{"line":107,"column":41}},"46":{"start":{"line":107,"column":17},"end":{"line":107,"column":40}},"47":{"start":{"line":111,"column":2},"end":{"line":116,"column":17}},"48":{"start":{"line":112,"column":4},"end":{"line":115,"column":6}},"49":{"start":{"line":119,"column":24},"end":{"line":127,"column":4}},"50":{"start":{"line":120,"column":4},"end":{"line":126,"column":6}},"51":{"start":{"line":130,"column":22},"end":{"line":143,"column":3}},"52":{"start":{"line":131,"column":20},"end":{"line":131,"column":33}},"53":{"start":{"line":133,"column":4},"end":{"line":142,"column":6}},"54":{"start":{"line":145,"column":2},"end":{"line":152,"column":4}},"55":{"start":{"line":148,"column":38},"end":{"line":148,"column":63}},"56":{"start":{"line":155,"column":15},"end":{"line":206,"column":2}}},"fnMap":{"0":{"name":"CountdownTimer","decl":{"start":{"line":18,"column":24},"end":{"line":18,"column":38}},"loc":{"start":{"line":23,"column":24},"end":{"line":153,"column":1}},"line":23},"1":{"name":"(anonymous_1)","decl":{"start":{"line":31,"column":21},"end":{"line":31,"column":22}},"loc":{"start":{"line":31,"column":50},"end":{"line":37,"column":3}},"line":31},"2":{"name":"(anonymous_2)","decl":{"start":{"line":44,"column":12},"end":{"line":44,"column":13}},"loc":{"start":{"line":44,"column":18},"end":{"line":48,"column":3}},"line":44},"3":{"name":"(anonymous_3)","decl":{"start":{"line":51,"column":12},"end":{"line":51,"column":13}},"loc":{"start":{"line":51,"column":18},"end":{"line":80,"column":3}},"line":51},"4":{"name":"(anonymous_4)","decl":{"start":{"line":52,"column":61},"end":{"line":52,"column":62}},"loc":{"start":{"line":52,"column":79},"end":{"line":77,"column":5}},"line":52},"5":{"name":"(anonymous_5)","decl":{"start":{"line":79,"column":11},"end":{"line":79,"column":12}},"loc":{"start":{"line":79,"column":17},"end":{"line":79,"column":39}},"line":79},"6":{"name":"(anonymous_6)","decl":{"start":{"line":83,"column":12},"end":{"line":83,"column":13}},"loc":{"start":{"line":83,"column":18},"end":{"line":108,"column":3}},"line":83},"7":{"name":"(anonymous_7)","decl":{"start":{"line":91,"column":33},"end":{"line":91,"column":34}},"loc":{"start":{"line":91,"column":39},"end":{"line":105,"column":5}},"line":91},"8":{"name":"(anonymous_8)","decl":{"start":{"line":107,"column":11},"end":{"line":107,"column":12}},"loc":{"start":{"line":107,"column":17},"end":{"line":107,"column":40}},"line":107},"9":{"name":"(anonymous_9)","decl":{"start":{"line":111,"column":12},"end":{"line":111,"column":13}},"loc":{"start":{"line":111,"column":18},"end":{"line":116,"column":3}},"line":111},"10":{"name":"(anonymous_10)","decl":{"start":{"line":119,"column":41},"end":{"line":119,"column":42}},"loc":{"start":{"line":119,"column":47},"end":{"line":127,"column":3}},"line":119},"11":{"name":"(anonymous_11)","decl":{"start":{"line":130,"column":22},"end":{"line":130,"column":23}},"loc":{"start":{"line":130,"column":56},"end":{"line":143,"column":3}},"line":130},"12":{"name":"(anonymous_12)","decl":{"start":{"line":148,"column":20},"end":{"line":148,"column":21}},"loc":{"start":{"line":148,"column":38},"end":{"line":148,"column":63}},"line":148}},"branchMap":{"0":{"loc":{"start":{"line":21,"column":2},"end":{"line":21,"column":18}},"type":"default-arg","locations":[{"start":{"line":21,"column":14},"end":{"line":21,"column":18}}],"line":21},"1":{"loc":{"start":{"line":53,"column":6},"end":{"line":75,"column":7}},"type":"if","locations":[{"start":{"line":53,"column":6},"end":{"line":75,"column":7}},{"start":{"line":72,"column":13},"end":{"line":75,"column":7}}],"line":53},"2":{"loc":{"start":{"line":54,"column":8},"end":{"line":55,"column":33}},"type":"binary-expr","locations":[{"start":{"line":54,"column":8},"end":{"line":54,"column":53}},{"start":{"line":55,"column":8},"end":{"line":55,"column":33}}],"line":54},"3":{"loc":{"start":{"line":58,"column":8},"end":{"line":70,"column":9}},"type":"if","locations":[{"start":{"line":58,"column":8},"end":{"line":70,"column":9}},{"start":{},"end":{}}],"line":58},"4":{"loc":{"start":{"line":58,"column":12},"end":{"line":58,"column":74}},"type":"binary-expr","locations":[{"start":{"line":58,"column":12},"end":{"line":58,"column":37}},{"start":{"line":58,"column":41},"end":{"line":58,"column":61}},{"start":{"line":58,"column":65},"end":{"line":58,"column":74}}],"line":58},"5":{"loc":{"start":{"line":67,"column":10},"end":{"line":69,"column":11}},"type":"if","locations":[{"start":{"line":67,"column":10},"end":{"line":69,"column":11}},{"start":{},"end":{}}],"line":67},"6":{"loc":{"start":{"line":67,"column":14},"end":{"line":67,"column":44}},"type":"binary-expr","locations":[{"start":{"line":67,"column":14},"end":{"line":67,"column":30}},{"start":{"line":67,"column":34},"end":{"line":67,"column":44}}],"line":67},"7":{"loc":{"start":{"line":72,"column":13},"end":{"line":75,"column":7}},"type":"if","locations":[{"start":{"line":72,"column":13},"end":{"line":75,"column":7}},{"start":{},"end":{}}],"line":72},"8":{"loc":{"start":{"line":84,"column":4},"end":{"line":84,"column":44}},"type":"if","locations":[{"start":{"line":84,"column":4},"end":{"line":84,"column":44}},{"start":{},"end":{}}],"line":84},"9":{"loc":{"start":{"line":84,"column":8},"end":{"line":84,"column":35}},"type":"binary-expr","locations":[{"start":{"line":84,"column":8},"end":{"line":84,"column":18}},{"start":{"line":84,"column":22},"end":{"line":84,"column":35}}],"line":84},"10":{"loc":{"start":{"line":87,"column":4},"end":{"line":89,"column":5}},"type":"if","locations":[{"start":{"line":87,"column":4},"end":{"line":89,"column":5}},{"start":{},"end":{}}],"line":87},"11":{"loc":{"start":{"line":92,"column":6},"end":{"line":104,"column":7}},"type":"if","locations":[{"start":{"line":92,"column":6},"end":{"line":104,"column":7}},{"start":{},"end":{}}],"line":92},"12":{"loc":{"start":{"line":98,"column":8},"end":{"line":103,"column":9}},"type":"if","locations":[{"start":{"line":98,"column":8},"end":{"line":103,"column":9}},{"start":{},"end":{}}],"line":98},"13":{"loc":{"start":{"line":99,"column":10},"end":{"line":101,"column":11}},"type":"if","locations":[{"start":{"line":99,"column":10},"end":{"line":101,"column":11}},{"start":{},"end":{}}],"line":99},"14":{"loc":{"start":{"line":137,"column":10},"end":{"line":137,"column":65}},"type":"cond-expr","locations":[{"start":{"line":137,"column":20},"end":{"line":137,"column":41}},{"start":{"line":137,"column":44},"end":{"line":137,"column":65}}],"line":137},"15":{"loc":{"start":{"line":140,"column":21},"end":{"line":140,"column":58}},"type":"cond-expr","locations":[{"start":{"line":140,"column":31},"end":{"line":140,"column":43}},{"start":{"line":140,"column":46},"end":{"line":140,"column":58}}],"line":140}},"s":{"0":0,"1":0,"2":0,"3":0,"4":0,"5":0,"6":0,"7":0,"8":0,"9":0,"10":0,"11":0,"12":0,"13":0,"14":0,"15":0,"16":0,"17":0,"18":0,"19":0,"20":0,"21":0,"22":0,"23":0,"24":0,"25":0,"26":0,"27":0,"28":0,"29":0,"30":0,"31":0,"32":0,"33":0,"34":0,"35":0,"36":0,"37":0,"38":0,"39":0,"40":0,"41":0,"42":0,"43":0,"44":0,"45":0,"46":0,"47":0,"48":0,"49":0,"50":0,"51":0,"52":0,"53":0,"54":0,"55":0,"56":0},"f":{"0":0,"1":0,"2":0,"3":0,"4":0,"5":0,"6":0,"7":0,"8":0,"9":0,"10":0,"11":0,"12":0},"b":{"0":[0],"1":[0,0],"2":[0,0],"3":[0,0],"4":[0,0,0],"5":[0,0],"6":[0,0],"7":[0,0],"8":[0,0],"9":[0,0],"10":[0,0],"11":[0,0],"12":[0,0],"13":[0,0],"14":[0,0],"15":[0,0]}}
,"/Users/antoineanthony/Desktop/workshop/potty-timer/app/index.tsx": {"path":"/Users/antoineanthony/Desktop/workshop/potty-timer/app/index.tsx","statementMap":{"0":{"start":{"line":35,"column":12},"end":{"line":35,"column":56}},"1":{"start":{"line":36,"column":22},"end":{"line":36,"column":43}},"2":{"start":{"line":37,"column":21},"end":{"line":37,"column":41}},"3":{"start":{"line":39,"column":0},"end":{"line":39,"column":53}},"4":{"start":{"line":41,"column":0},"end":{"line":49,"column":3}},"5":{"start":{"line":42,"column":35},"end":{"line":48,"column":3}},"6":{"start":{"line":54,"column":34},"end":{"line":76,"column":1}},"7":{"start":{"line":55,"column":2},"end":{"line":75,"column":3}},"8":{"start":{"line":56,"column":4},"end":{"line":56,"column":67}},"9":{"start":{"line":57,"column":4},"end":{"line":57,"column":63}},"10":{"start":{"line":58,"column":4},"end":{"line":58,"column":71}},"11":{"start":{"line":60,"column":19},"end":{"line":71,"column":6}},"12":{"start":{"line":72,"column":4},"end":{"line":72,"column":67}},"13":{"start":{"line":74,"column":4},"end":{"line":74,"column":67}},"14":{"start":{"line":81,"column":31},"end":{"line":111,"column":1}},"15":{"start":{"line":82,"column":2},"end":{"line":110,"column":3}},"16":{"start":{"line":83,"column":4},"end":{"line":83,"column":63}},"17":{"start":{"line":84,"column":4},"end":{"line":84,"column":70}},"18":{"start":{"line":87,"column":18},"end":{"line":89,"column":6}},"19":{"start":{"line":90,"column":4},"end":{"line":90,"column":43}},"20":{"start":{"line":94,"column":4},"end":{"line":105,"column":7}},"21":{"start":{"line":107,"column":4},"end":{"line":107,"column":65}},"22":{"start":{"line":109,"column":4},"end":{"line":109,"column":38}},"23":{"start":{"line":116,"column":41},"end":{"line":149,"column":1}},"24":{"start":{"line":117,"column":2},"end":{"line":117,"column":66}},"25":{"start":{"line":119,"column":2},"end":{"line":123,"column":3}},"26":{"start":{"line":120,"column":4},"end":{"line":120,"column":78}},"27":{"start":{"line":121,"column":4},"end":{"line":121,"column":59}},"28":{"start":{"line":122,"column":4},"end":{"line":122,"column":11}},"29":{"start":{"line":125,"column":2},"end":{"line":125,"column":59}},"30":{"start":{"line":126,"column":21},"end":{"line":126,"column":66}},"31":{"start":{"line":127,"column":2},"end":{"line":133,"column":3}},"32":{"start":{"line":128,"column":4},"end":{"line":128,"column":53}},"33":{"start":{"line":129,"column":4},"end":{"line":129,"column":55}},"34":{"start":{"line":131,"column":4},"end":{"line":131,"column":76}},"35":{"start":{"line":132,"column":4},"end":{"line":132,"column":11}},"36":{"start":{"line":135,"column":2},"end":{"line":135,"column":52}},"37":{"start":{"line":138,"column":2},"end":{"line":144,"column":3}},"38":{"start":{"line":139,"column":4},"end":{"line":139,"column":69}},"39":{"start":{"line":140,"column":4},"end":{"line":140,"column":35}},"40":{"start":{"line":142,"column":4},"end":{"line":142,"column":71}},"41":{"start":{"line":143,"column":4},"end":{"line":143,"column":38}},"42":{"start":{"line":147,"column":2},"end":{"line":147,"column":76}},"43":{"start":{"line":148,"column":2},"end":{"line":148,"column":49}},"44":{"start":{"line":162,"column":6},"end":{"line":162,"column":16}},"45":{"start":{"line":164,"column":36},"end":{"line":164,"column":51}},"46":{"start":{"line":165,"column":48},"end":{"line":165,"column":67}},"47":{"start":{"line":166,"column":36},"end":{"line":166,"column":51}},"48":{"start":{"line":167,"column":56},"end":{"line":167,"column":67}},"49":{"start":{"line":168,"column":52},"end":{"line":168,"column":67}},"50":{"start":{"line":169,"column":44},"end":{"line":169,"column":58}},"51":{"start":{"line":170,"column":44},"end":{"line":170,"column":58}},"52":{"start":{"line":171,"column":28},"end":{"line":171,"column":49}},"53":{"start":{"line":172,"column":19},"end":{"line":172,"column":64}},"54":{"start":{"line":173,"column":24},"end":{"line":173,"column":41}},"55":{"start":{"line":176,"column":22},"end":{"line":176,"column":114}},"56":{"start":{"line":177,"column":17},"end":{"line":177,"column":44}},"57":{"start":{"line":180,"column":22},"end":{"line":180,"column":36}},"58":{"start":{"line":183,"column":29},"end":{"line":192,"column":3}},"59":{"start":{"line":195,"column":23},"end":{"line":199,"column":3}},"60":{"start":{"line":201,"column":2},"end":{"line":230,"column":36}},"61":{"start":{"line":203,"column":4},"end":{"line":203,"column":39}},"62":{"start":{"line":206,"column":4},"end":{"line":208,"column":5}},"63":{"start":{"line":207,"column":6},"end":{"line":207,"column":24}},"64":{"start":{"line":211,"column":25},"end":{"line":224,"column":6}},"65":{"start":{"line":212,"column":6},"end":{"line":222,"column":7}},"66":{"start":{"line":217,"column":8},"end":{"line":221,"column":9}},"67":{"start":{"line":218,"column":10},"end":{"line":218,"column":35}},"68":{"start":{"line":220,"column":10},"end":{"line":220,"column":38}},"69":{"start":{"line":223,"column":6},"end":{"line":223,"column":38}},"70":{"start":{"line":227,"column":4},"end":{"line":229,"column":6}},"71":{"start":{"line":228,"column":6},"end":{"line":228,"column":28}},"72":{"start":{"line":232,"column":2},"end":{"line":254,"column":18}},"73":{"start":{"line":234,"column":4},"end":{"line":234,"column":19}},"74":{"start":{"line":236,"column":21},"end":{"line":238,"column":22}},"75":{"start":{"line":237,"column":6},"end":{"line":237,"column":32}},"76":{"start":{"line":241,"column":27},"end":{"line":241,"column":31}},"77":{"start":{"line":242,"column":4},"end":{"line":246,"column":5}},"78":{"start":{"line":243,"column":6},"end":{"line":245,"column":15}},"79":{"start":{"line":244,"column":8},"end":{"line":244,"column":34}},"80":{"start":{"line":248,"column":4},"end":{"line":253,"column":6}},"81":{"start":{"line":249,"column":6},"end":{"line":249,"column":30}},"82":{"start":{"line":250,"column":6},"end":{"line":252,"column":7}},"83":{"start":{"line":251,"column":8},"end":{"line":251,"column":34}},"84":{"start":{"line":257,"column":2},"end":{"line":287,"column":42}},"85":{"start":{"line":258,"column":4},"end":{"line":280,"column":5}},"86":{"start":{"line":260,"column":6},"end":{"line":260,"column":25}},"87":{"start":{"line":261,"column":6},"end":{"line":261,"column":26}},"88":{"start":{"line":262,"column":6},"end":{"line":262,"column":20}},"89":{"start":{"line":264,"column":23},"end":{"line":264,"column":24}},"90":{"start":{"line":265,"column":6},"end":{"line":270,"column":14}},"91":{"start":{"line":266,"column":8},"end":{"line":266,"column":59}},"92":{"start":{"line":267,"column":8},"end":{"line":267,"column":66}},"93":{"start":{"line":269,"column":8},"end":{"line":269,"column":64}},"94":{"start":{"line":273,"column":6},"end":{"line":273,"column":21}},"95":{"start":{"line":275,"column":6},"end":{"line":278,"column":7}},"96":{"start":{"line":276,"column":8},"end":{"line":276,"column":45}},"97":{"start":{"line":277,"column":8},"end":{"line":277,"column":37}},"98":{"start":{"line":279,"column":6},"end":{"line":279,"column":36}},"99":{"start":{"line":282,"column":4},"end":{"line":286,"column":6}},"100":{"start":{"line":283,"column":6},"end":{"line":285,"column":7}},"101":{"start":{"line":284,"column":8},"end":{"line":284,"column":45}},"102":{"start":{"line":290,"column":34},"end":{"line":293,"column":3}},"103":{"start":{"line":292,"column":4},"end":{"line":292,"column":30}},"104":{"start":{"line":297,"column":4},"end":{"line":297,"column":23}},"105":{"start":{"line":298,"column":4},"end":{"line":298,"column":48}},"106":{"start":{"line":298,"column":21},"end":{"line":298,"column":40}},"107":{"start":{"line":300,"column":4},"end":{"line":300,"column":60}},"108":{"start":{"line":305,"column":4},"end":{"line":309,"column":5}},"109":{"start":{"line":306,"column":6},"end":{"line":306,"column":32}},"110":{"start":{"line":308,"column":6},"end":{"line":308,"column":74}},"111":{"start":{"line":313,"column":32},"end":{"line":324,"column":3}},"112":{"start":{"line":314,"column":4},"end":{"line":323,"column":5}},"113":{"start":{"line":316,"column":6},"end":{"line":316,"column":33}},"114":{"start":{"line":318,"column":6},"end":{"line":318,"column":80}},"115":{"start":{"line":321,"column":6},"end":{"line":321,"column":67}},"116":{"start":{"line":322,"column":6},"end":{"line":322,"column":21}},"117":{"start":{"line":327,"column":31},"end":{"line":355,"column":3}},"118":{"start":{"line":329,"column":4},"end":{"line":335,"column":5}},"119":{"start":{"line":330,"column":6},"end":{"line":330,"column":26}},"120":{"start":{"line":331,"column":6},"end":{"line":331,"column":32}},"121":{"start":{"line":333,"column":6},"end":{"line":333,"column":68}},"122":{"start":{"line":334,"column":6},"end":{"line":334,"column":13}},"123":{"start":{"line":337,"column":24},"end":{"line":337,"column":47}},"124":{"start":{"line":338,"column":4},"end":{"line":338,"column":40}},"125":{"start":{"line":341,"column":4},"end":{"line":341,"column":66}},"126":{"start":{"line":343,"column":4},"end":{"line":349,"column":5}},"127":{"start":{"line":345,"column":6},"end":{"line":345,"column":25}},"128":{"start":{"line":346,"column":6},"end":{"line":346,"column":32}},"129":{"start":{"line":348,"column":6},"end":{"line":348,"column":80}},"130":{"start":{"line":352,"column":4},"end":{"line":354,"column":13}},"131":{"start":{"line":353,"column":6},"end":{"line":353,"column":32}},"132":{"start":{"line":358,"column":23},"end":{"line":358,"column":63}},"133":{"start":{"line":361,"column":30},"end":{"line":370,"column":3}},"134":{"start":{"line":362,"column":4},"end":{"line":366,"column":5}},"135":{"start":{"line":363,"column":6},"end":{"line":363,"column":36}},"136":{"start":{"line":365,"column":6},"end":{"line":365,"column":33}},"137":{"start":{"line":367,"column":4},"end":{"line":367,"column":32}},"138":{"start":{"line":369,"column":4},"end":{"line":369,"column":60}},"139":{"start":{"line":373,"column":28},"end":{"line":384,"column":3}},"140":{"start":{"line":374,"column":20},"end":{"line":374,"column":48}},"141":{"start":{"line":375,"column":20},"end":{"line":375,"column":48}},"142":{"start":{"line":377,"column":4},"end":{"line":380,"column":5}},"143":{"start":{"line":378,"column":6},"end":{"line":378,"column":75}},"144":{"start":{"line":379,"column":6},"end":{"line":379,"column":13}},"145":{"start":{"line":382,"column":25},"end":{"line":382,"column":47}},"146":{"start":{"line":383,"column":4},"end":{"line":383,"column":38}},"147":{"start":{"line":387,"column":28},"end":{"line":393,"column":3}},"148":{"start":{"line":388,"column":17},"end":{"line":388,"column":41}},"149":{"start":{"line":389,"column":17},"end":{"line":389,"column":29}},"150":{"start":{"line":390,"column":4},"end":{"line":392,"column":26}},"151":{"start":{"line":396,"column":31},"end":{"line":417,"column":3}},"152":{"start":{"line":397,"column":4},"end":{"line":397,"column":48}},"153":{"start":{"line":397,"column":36},"end":{"line":397,"column":48}},"154":{"start":{"line":399,"column":23},"end":{"line":399,"column":25}},"155":{"start":{"line":400,"column":19},"end":{"line":400,"column":21}},"156":{"start":{"line":402,"column":4},"end":{"line":414,"column":5}},"157":{"start":{"line":402,"column":17},"end":{"line":402,"column":18}},"158":{"start":{"line":403,"column":6},"end":{"line":413,"column":8}},"159":{"start":{"line":416,"column":4},"end":{"line":416,"column":18}},"160":{"start":{"line":420,"column":30},"end":{"line":489,"column":3}},"161":{"start":{"line":421,"column":4},"end":{"line":488,"column":12}},"162":{"start":{"line":427,"column":28},"end":{"line":427,"column":55}},"163":{"start":{"line":435,"column":14},"end":{"line":450,"column":33}},"164":{"start":{"line":441,"column":31},"end":{"line":441,"column":64}},"165":{"start":{"line":482,"column":29},"end":{"line":482,"column":56}},"166":{"start":{"line":491,"column":2},"end":{"line":497,"column":3}},"167":{"start":{"line":492,"column":4},"end":{"line":496,"column":6}},"168":{"start":{"line":499,"column":2},"end":{"line":510,"column":3}},"169":{"start":{"line":500,"column":4},"end":{"line":509,"column":6}},"170":{"start":{"line":505,"column":25},"end":{"line":505,"column":42}},"171":{"start":{"line":512,"column":2},"end":{"line":680,"column":4}},"172":{"start":{"line":538,"column":29},"end":{"line":538,"column":55}},"173":{"start":{"line":683,"column":15},"end":{"line":904,"column":2}}},"fnMap":{"0":{"name":"(anonymous_0)","decl":{"start":{"line":42,"column":22},"end":{"line":42,"column":23}},"loc":{"start":{"line":42,"column":35},"end":{"line":48,"column":3}},"line":42},"1":{"name":"(anonymous_1)","decl":{"start":{"line":54,"column":34},"end":{"line":54,"column":35}},"loc":{"start":{"line":54,"column":46},"end":{"line":76,"column":1}},"line":54},"2":{"name":"(anonymous_2)","decl":{"start":{"line":81,"column":31},"end":{"line":81,"column":32}},"loc":{"start":{"line":81,"column":43},"end":{"line":111,"column":1}},"line":81},"3":{"name":"(anonymous_3)","decl":{"start":{"line":116,"column":41},"end":{"line":116,"column":42}},"loc":{"start":{"line":116,"column":53},"end":{"line":149,"column":1}},"line":116},"4":{"name":"PottyTimerScreen","decl":{"start":{"line":151,"column":24},"end":{"line":151,"column":40}},"loc":{"start":{"line":151,"column":43},"end":{"line":681,"column":1}},"line":151},"5":{"name":"(anonymous_5)","decl":{"start":{"line":201,"column":12},"end":{"line":201,"column":13}},"loc":{"start":{"line":201,"column":18},"end":{"line":230,"column":3}},"line":201},"6":{"name":"(anonymous_6)","decl":{"start":{"line":211,"column":61},"end":{"line":211,"column":62}},"loc":{"start":{"line":211,"column":79},"end":{"line":224,"column":5}},"line":211},"7":{"name":"(anonymous_7)","decl":{"start":{"line":227,"column":11},"end":{"line":227,"column":12}},"loc":{"start":{"line":227,"column":17},"end":{"line":229,"column":5}},"line":227},"8":{"name":"(anonymous_8)","decl":{"start":{"line":232,"column":12},"end":{"line":232,"column":13}},"loc":{"start":{"line":232,"column":18},"end":{"line":254,"column":3}},"line":232},"9":{"name":"(anonymous_9)","decl":{"start":{"line":236,"column":33},"end":{"line":236,"column":34}},"loc":{"start":{"line":236,"column":39},"end":{"line":238,"column":5}},"line":236},"10":{"name":"(anonymous_10)","decl":{"start":{"line":243,"column":31},"end":{"line":243,"column":32}},"loc":{"start":{"line":243,"column":37},"end":{"line":245,"column":7}},"line":243},"11":{"name":"(anonymous_11)","decl":{"start":{"line":248,"column":11},"end":{"line":248,"column":12}},"loc":{"start":{"line":248,"column":17},"end":{"line":253,"column":5}},"line":248},"12":{"name":"(anonymous_12)","decl":{"start":{"line":257,"column":12},"end":{"line":257,"column":13}},"loc":{"start":{"line":257,"column":18},"end":{"line":287,"column":3}},"line":257},"13":{"name":"(anonymous_13)","decl":{"start":{"line":265,"column":42},"end":{"line":265,"column":43}},"loc":{"start":{"line":265,"column":48},"end":{"line":270,"column":7}},"line":265},"14":{"name":"(anonymous_14)","decl":{"start":{"line":282,"column":11},"end":{"line":282,"column":12}},"loc":{"start":{"line":282,"column":17},"end":{"line":286,"column":5}},"line":282},"15":{"name":"(anonymous_15)","decl":{"start":{"line":290,"column":34},"end":{"line":290,"column":35}},"loc":{"start":{"line":290,"column":40},"end":{"line":293,"column":3}},"line":290},"16":{"name":"triggerEmoji","decl":{"start":{"line":296,"column":11},"end":{"line":296,"column":23}},"loc":{"start":{"line":296,"column":26},"end":{"line":301,"column":3}},"line":296},"17":{"name":"(anonymous_17)","decl":{"start":{"line":298,"column":15},"end":{"line":298,"column":16}},"loc":{"start":{"line":298,"column":21},"end":{"line":298,"column":40}},"line":298},"18":{"name":"triggerNotificationMode","decl":{"start":{"line":304,"column":11},"end":{"line":304,"column":34}},"loc":{"start":{"line":304,"column":37},"end":{"line":310,"column":3}},"line":304},"19":{"name":"(anonymous_19)","decl":{"start":{"line":313,"column":32},"end":{"line":313,"column":33}},"loc":{"start":{"line":313,"column":44},"end":{"line":324,"column":3}},"line":313},"20":{"name":"(anonymous_20)","decl":{"start":{"line":327,"column":31},"end":{"line":327,"column":32}},"loc":{"start":{"line":327,"column":43},"end":{"line":355,"column":3}},"line":327},"21":{"name":"(anonymous_21)","decl":{"start":{"line":352,"column":15},"end":{"line":352,"column":16}},"loc":{"start":{"line":352,"column":21},"end":{"line":354,"column":5}},"line":352},"22":{"name":"(anonymous_22)","decl":{"start":{"line":361,"column":30},"end":{"line":361,"column":31}},"loc":{"start":{"line":361,"column":57},"end":{"line":370,"column":3}},"line":361},"23":{"name":"(anonymous_23)","decl":{"start":{"line":373,"column":28},"end":{"line":373,"column":29}},"loc":{"start":{"line":373,"column":34},"end":{"line":384,"column":3}},"line":373},"24":{"name":"(anonymous_24)","decl":{"start":{"line":387,"column":28},"end":{"line":387,"column":29}},"loc":{"start":{"line":387,"column":57},"end":{"line":393,"column":3}},"line":387},"25":{"name":"(anonymous_25)","decl":{"start":{"line":396,"column":31},"end":{"line":396,"column":32}},"loc":{"start":{"line":396,"column":37},"end":{"line":417,"column":3}},"line":396},"26":{"name":"(anonymous_26)","decl":{"start":{"line":420,"column":30},"end":{"line":420,"column":31}},"loc":{"start":{"line":421,"column":4},"end":{"line":488,"column":12}},"line":421},"27":{"name":"(anonymous_27)","decl":{"start":{"line":427,"column":22},"end":{"line":427,"column":23}},"loc":{"start":{"line":427,"column":28},"end":{"line":427,"column":55}},"line":427},"28":{"name":"(anonymous_28)","decl":{"start":{"line":434,"column":30},"end":{"line":434,"column":31}},"loc":{"start":{"line":435,"column":14},"end":{"line":450,"column":33}},"line":435},"29":{"name":"(anonymous_29)","decl":{"start":{"line":441,"column":25},"end":{"line":441,"column":26}},"loc":{"start":{"line":441,"column":31},"end":{"line":441,"column":64}},"line":441},"30":{"name":"(anonymous_30)","decl":{"start":{"line":482,"column":23},"end":{"line":482,"column":24}},"loc":{"start":{"line":482,"column":29},"end":{"line":482,"column":56}},"line":482},"31":{"name":"(anonymous_31)","decl":{"start":{"line":505,"column":19},"end":{"line":505,"column":20}},"loc":{"start":{"line":505,"column":25},"end":{"line":505,"column":42}},"line":505},"32":{"name":"(anonymous_32)","decl":{"start":{"line":538,"column":23},"end":{"line":538,"column":24}},"loc":{"start":{"line":538,"column":29},"end":{"line":538,"column":55}},"line":538}},"branchMap":{"0":{"loc":{"start":{"line":35,"column":12},"end":{"line":35,"column":56}},"type":"binary-expr","locations":[{"start":{"line":35,"column":12},"end":{"line":35,"column":39}},{"start":{"line":35,"column":43},"end":{"line":35,"column":56}}],"line":35},"1":{"loc":{"start":{"line":119,"column":2},"end":{"line":123,"column":3}},"type":"if","locations":[{"start":{"line":119,"column":2},"end":{"line":123,"column":3}},{"start":{},"end":{}}],"line":119},"2":{"loc":{"start":{"line":127,"column":2},"end":{"line":133,"column":3}},"type":"if","locations":[{"start":{"line":127,"column":2},"end":{"line":133,"column":3}},{"start":{},"end":{}}],"line":127},"3":{"loc":{"start":{"line":138,"column":2},"end":{"line":144,"column":3}},"type":"if","locations":[{"start":{"line":138,"column":2},"end":{"line":144,"column":3}},{"start":{"line":141,"column":9},"end":{"line":144,"column":3}}],"line":138},"4":{"loc":{"start":{"line":206,"column":4},"end":{"line":208,"column":5}},"type":"if","locations":[{"start":{"line":206,"column":4},"end":{"line":208,"column":5}},{"start":{},"end":{}}],"line":206},"5":{"loc":{"start":{"line":206,"column":8},"end":{"line":206,"column":26}},"type":"binary-expr","locations":[{"start":{"line":206,"column":8},"end":{"line":206,"column":14}},{"start":{"line":206,"column":18},"end":{"line":206,"column":26}}],"line":206},"6":{"loc":{"start":{"line":212,"column":6},"end":{"line":222,"column":7}},"type":"if","locations":[{"start":{"line":212,"column":6},"end":{"line":222,"column":7}},{"start":{},"end":{}}],"line":212},"7":{"loc":{"start":{"line":213,"column":8},"end":{"line":214,"column":33}},"type":"binary-expr","locations":[{"start":{"line":213,"column":8},"end":{"line":213,"column":53}},{"start":{"line":214,"column":8},"end":{"line":214,"column":33}}],"line":213},"8":{"loc":{"start":{"line":217,"column":8},"end":{"line":221,"column":9}},"type":"if","locations":[{"start":{"line":217,"column":8},"end":{"line":221,"column":9}},{"start":{"line":219,"column":15},"end":{"line":221,"column":9}}],"line":217},"9":{"loc":{"start":{"line":242,"column":4},"end":{"line":246,"column":5}},"type":"if","locations":[{"start":{"line":242,"column":4},"end":{"line":246,"column":5}},{"start":{},"end":{}}],"line":242},"10":{"loc":{"start":{"line":250,"column":6},"end":{"line":252,"column":7}},"type":"if","locations":[{"start":{"line":250,"column":6},"end":{"line":252,"column":7}},{"start":{},"end":{}}],"line":250},"11":{"loc":{"start":{"line":258,"column":4},"end":{"line":280,"column":5}},"type":"if","locations":[{"start":{"line":258,"column":4},"end":{"line":280,"column":5}},{"start":{"line":271,"column":11},"end":{"line":280,"column":5}}],"line":258},"12":{"loc":{"start":{"line":275,"column":6},"end":{"line":278,"column":7}},"type":"if","locations":[{"start":{"line":275,"column":6},"end":{"line":278,"column":7}},{"start":{},"end":{}}],"line":275},"13":{"loc":{"start":{"line":283,"column":6},"end":{"line":285,"column":7}},"type":"if","locations":[{"start":{"line":283,"column":6},"end":{"line":285,"column":7}},{"start":{},"end":{}}],"line":283},"14":{"loc":{"start":{"line":305,"column":4},"end":{"line":309,"column":5}},"type":"if","locations":[{"start":{"line":305,"column":4},"end":{"line":309,"column":5}},{"start":{},"end":{}}],"line":305},"15":{"loc":{"start":{"line":314,"column":4},"end":{"line":323,"column":5}},"type":"if","locations":[{"start":{"line":314,"column":4},"end":{"line":323,"column":5}},{"start":{"line":319,"column":11},"end":{"line":323,"column":5}}],"line":314},"16":{"loc":{"start":{"line":329,"column":4},"end":{"line":335,"column":5}},"type":"if","locations":[{"start":{"line":329,"column":4},"end":{"line":335,"column":5}},{"start":{},"end":{}}],"line":329},"17":{"loc":{"start":{"line":343,"column":4},"end":{"line":349,"column":5}},"type":"if","locations":[{"start":{"line":343,"column":4},"end":{"line":349,"column":5}},{"start":{},"end":{}}],"line":343},"18":{"loc":{"start":{"line":358,"column":23},"end":{"line":358,"column":63}},"type":"cond-expr","locations":[{"start":{"line":358,"column":37},"end":{"line":358,"column":39}},{"start":{"line":358,"column":42},"end":{"line":358,"column":63}}],"line":358},"19":{"loc":{"start":{"line":358,"column":42},"end":{"line":358,"column":63}},"type":"cond-expr","locations":[{"start":{"line":358,"column":56},"end":{"line":358,"column":58}},{"start":{"line":358,"column":61},"end":{"line":358,"column":63}}],"line":358},"20":{"loc":{"start":{"line":362,"column":4},"end":{"line":366,"column":5}},"type":"if","locations":[{"start":{"line":362,"column":4},"end":{"line":366,"column":5}},{"start":{"line":364,"column":11},"end":{"line":366,"column":5}}],"line":362},"21":{"loc":{"start":{"line":374,"column":20},"end":{"line":374,"column":48}},"type":"binary-expr","locations":[{"start":{"line":374,"column":20},"end":{"line":374,"column":43}},{"start":{"line":374,"column":47},"end":{"line":374,"column":48}}],"line":374},"22":{"loc":{"start":{"line":375,"column":20},"end":{"line":375,"column":48}},"type":"binary-expr","locations":[{"start":{"line":375,"column":20},"end":{"line":375,"column":43}},{"start":{"line":375,"column":47},"end":{"line":375,"column":48}}],"line":375},"23":{"loc":{"start":{"line":377,"column":4},"end":{"line":380,"column":5}},"type":"if","locations":[{"start":{"line":377,"column":4},"end":{"line":380,"column":5}},{"start":{},"end":{}}],"line":377},"24":{"loc":{"start":{"line":377,"column":8},"end":{"line":377,"column":72}},"type":"binary-expr","locations":[{"start":{"line":377,"column":8},"end":{"line":377,"column":20}},{"start":{"line":377,"column":24},"end":{"line":377,"column":36}},{"start":{"line":377,"column":41},"end":{"line":377,"column":54}},{"start":{"line":377,"column":58},"end":{"line":377,"column":71}}],"line":377},"25":{"loc":{"start":{"line":397,"column":4},"end":{"line":397,"column":48}},"type":"if","locations":[{"start":{"line":397,"column":4},"end":{"line":397,"column":48}},{"start":{},"end":{}}],"line":397},"26":{"loc":{"start":{"line":439,"column":18},"end":{"line":439,"column":75}},"type":"binary-expr","locations":[{"start":{"line":439,"column":18},"end":{"line":439,"column":50}},{"start":{"line":439,"column":54},"end":{"line":439,"column":75}}],"line":439},"27":{"loc":{"start":{"line":445,"column":20},"end":{"line":446,"column":47}},"type":"binary-expr","locations":[{"start":{"line":445,"column":20},"end":{"line":445,"column":52}},{"start":{"line":446,"column":22},"end":{"line":446,"column":47}}],"line":445},"28":{"loc":{"start":{"line":491,"column":2},"end":{"line":497,"column":3}},"type":"if","locations":[{"start":{"line":491,"column":2},"end":{"line":497,"column":3}},{"start":{},"end":{}}],"line":491},"29":{"loc":{"start":{"line":499,"column":2},"end":{"line":510,"column":3}},"type":"if","locations":[{"start":{"line":499,"column":2},"end":{"line":510,"column":3}},{"start":{},"end":{}}],"line":499},"30":{"loc":{"start":{"line":520,"column":31},"end":{"line":520,"column":52}},"type":"cond-expr","locations":[{"start":{"line":520,"column":45},"end":{"line":520,"column":47}},{"start":{"line":520,"column":50},"end":{"line":520,"column":52}}],"line":520},"31":{"loc":{"start":{"line":526,"column":9},"end":{"line":558,"column":9}},"type":"binary-expr","locations":[{"start":{"line":526,"column":9},"end":{"line":526,"column":35}},{"start":{"line":527,"column":10},"end":{"line":557,"column":17}}],"line":526},"32":{"loc":{"start":{"line":528,"column":13},"end":{"line":535,"column":13}},"type":"binary-expr","locations":[{"start":{"line":528,"column":13},"end":{"line":528,"column":18}},{"start":{"line":529,"column":14},"end":{"line":534,"column":16}}],"line":528},"33":{"loc":{"start":{"line":546,"column":25},"end":{"line":546,"column":66}},"type":"cond-expr","locations":[{"start":{"line":546,"column":43},"end":{"line":546,"column":53}},{"start":{"line":546,"column":56},"end":{"line":546,"column":66}}],"line":546},"34":{"loc":{"start":{"line":548,"column":19},"end":{"line":548,"column":60}},"type":"cond-expr","locations":[{"start":{"line":548,"column":37},"end":{"line":548,"column":47}},{"start":{"line":548,"column":50},"end":{"line":548,"column":60}}],"line":548},"35":{"loc":{"start":{"line":561,"column":11},"end":{"line":655,"column":11}},"type":"cond-expr","locations":[{"start":{"line":562,"column":12},"end":{"line":626,"column":19}},{"start":{"line":628,"column":12},"end":{"line":654,"column":15}}],"line":561},"36":{"loc":{"start":{"line":563,"column":15},"end":{"line":625,"column":15}},"type":"cond-expr","locations":[{"start":{"line":565,"column":16},"end":{"line":571,"column":23}},{"start":{"line":574,"column":16},"end":{"line":624,"column":23}}],"line":563},"37":{"loc":{"start":{"line":640,"column":15},"end":{"line":645,"column":15}},"type":"binary-expr","locations":[{"start":{"line":640,"column":15},"end":{"line":640,"column":24}},{"start":{"line":641,"column":16},"end":{"line":644,"column":23}}],"line":640},"38":{"loc":{"start":{"line":648,"column":15},"end":{"line":653,"column":15}},"type":"binary-expr","locations":[{"start":{"line":648,"column":15},"end":{"line":648,"column":24}},{"start":{"line":649,"column":16},"end":{"line":652,"column":23}}],"line":648},"39":{"loc":{"start":{"line":651,"column":19},"end":{"line":651,"column":65}},"type":"cond-expr","locations":[{"start":{"line":651,"column":35},"end":{"line":651,"column":48}},{"start":{"line":651,"column":51},"end":{"line":651,"column":65}}],"line":651},"40":{"loc":{"start":{"line":659,"column":9},"end":{"line":665,"column":9}},"type":"binary-expr","locations":[{"start":{"line":659,"column":9},"end":{"line":659,"column":18}},{"start":{"line":659,"column":22},"end":{"line":659,"column":48}},{"start":{"line":660,"column":10},"end":{"line":664,"column":12}}],"line":659},"41":{"loc":{"start":{"line":671,"column":11},"end":{"line":673,"column":57}},"type":"cond-expr","locations":[{"start":{"line":672,"column":14},"end":{"line":672,"column":40}},{"start":{"line":673,"column":14},"end":{"line":673,"column":57}}],"line":671}},"s":{"0":1,"1":1,"2":1,"3":1,"4":1,"5":0,"6":1,"7":15,"8":15,"9":15,"10":15,"11":15,"12":15,"13":0,"14":1,"15":0,"16":0,"17":0,"18":0,"19":0,"20":0,"21":0,"22":0,"23":1,"24":15,"25":15,"26":0,"27":0,"28":0,"29":15,"30":15,"31":15,"32":0,"33":0,"34":0,"35":0,"36":15,"37":15,"38":0,"39":0,"40":15,"41":15,"42":15,"43":15,"44":45,"45":45,"46":45,"47":45,"48":45,"49":45,"50":45,"51":45,"52":45,"53":45,"54":45,"55":45,"56":45,"57":45,"58":45,"59":45,"60":45,"61":15,"62":15,"63":0,"64":15,"65":0,"66":0,"67":0,"68":0,"69":0,"70":15,"71":15,"72":45,"73":15,"74":15,"75":0,"76":15,"77":15,"78":0,"79":0,"80":15,"81":15,"82":15,"83":0,"84":45,"85":30,"86":0,"87":0,"88":0,"89":0,"90":0,"91":0,"92":0,"93":0,"94":30,"95":30,"96":0,"97":0,"98":30,"99":30,"100":30,"101":0,"102":45,"103":0,"104":15,"105":15,"106":0,"107":15,"108":0,"109":0,"110":0,"111":45,"112":0,"113":0,"114":0,"115":0,"116":0,"117":45,"118":0,"119":0,"120":0,"121":0,"122":0,"123":0,"124":0,"125":0,"126":0,"127":0,"128":0,"129":0,"130":0,"131":0,"132":45,"133":45,"134":0,"135":0,"136":0,"137":0,"138":0,"139":45,"140":0,"141":0,"142":0,"143":0,"144":0,"145":0,"146":0,"147":45,"148":0,"149":0,"150":0,"151":45,"152":45,"153":45,"154":0,"155":0,"156":0,"157":0,"158":0,"159":0,"160":45,"161":45,"162":0,"163":135,"164":0,"165":0,"166":45,"167":0,"168":45,"169":0,"170":0,"171":45,"172":0,"173":1},"f":{"0":0,"1":15,"2":0,"3":15,"4":45,"5":15,"6":0,"7":15,"8":15,"9":0,"10":0,"11":15,"12":30,"13":0,"14":30,"15":0,"16":15,"17":0,"18":0,"19":0,"20":0,"21":0,"22":0,"23":0,"24":0,"25":45,"26":45,"27":0,"28":135,"29":0,"30":0,"31":0,"32":0},"b":{"0":[1,0],"1":[0,15],"2":[0,15],"3":[0,15],"4":[0,15],"5":[15,0],"6":[0,0],"7":[0,0],"8":[0,0],"9":[0,15],"10":[0,15],"11":[0,30],"12":[0,30],"13":[0,30],"14":[0,0],"15":[0,0],"16":[0,0],"17":[0,0],"18":[0,45],"19":[45,0],"20":[0,0],"21":[0,0],"22":[0,0],"23":[0,0],"24":[0,0,0,0],"25":[45,0],"26":[135,45],"27":[135,45],"28":[0,45],"29":[0,45],"30":[45,0],"31":[45,45],"32":[45,45],"33":[0,45],"34":[0,45],"35":[0,45],"36":[0,0],"37":[45,0],"38":[45,0],"39":[0,0],"40":[45,30,30],"41":[0,45]},"_coverageSchema":"1a1c01bbd47fc00a2c39e90264f33305004495a9","hash":"60e92c2af85fc581fd2d0c429f1d1491f55bd673"}
,"/Users/antoineanthony/Desktop/workshop/potty-timer/app/api/timers+api.ts": {"path":"/Users/antoineanthony/Desktop/workshop/potty-timer/app/api/timers+api.ts","statementMap":{"0":{"start":{"line":4,"column":2},"end":{"line":22,"column":3}},"1":{"start":{"line":5,"column":19},"end":{"line":5,"column":48}},"2":{"start":{"line":7,"column":4},"end":{"line":11,"column":7}},"3":{"start":{"line":13,"column":4},"end":{"line":13,"column":51}},"4":{"start":{"line":14,"column":4},"end":{"line":21,"column":6}},"5":{"start":{"line":26,"column":2},"end":{"line":64,"column":3}},"6":{"start":{"line":27,"column":17},"end":{"line":27,"column":37}},"7":{"start":{"line":28,"column":25},"end":{"line":28,"column":29}},"8":{"start":{"line":30,"column":4},"end":{"line":38,"column":5}},"9":{"start":{"line":31,"column":6},"end":{"line":37,"column":8}},"10":{"start":{"line":40,"column":16},"end":{"line":40,"column":26}},"11":{"start":{"line":41,"column":21},"end":{"line":47,"column":6}},"12":{"start":{"line":49,"column":4},"end":{"line":53,"column":7}},"13":{"start":{"line":55,"column":4},"end":{"line":55,"column":52}},"14":{"start":{"line":56,"column":4},"end":{"line":63,"column":6}}},"fnMap":{"0":{"name":"GET","decl":{"start":{"line":3,"column":22},"end":{"line":3,"column":25}},"loc":{"start":{"line":3,"column":63},"end":{"line":23,"column":1}},"line":3},"1":{"name":"POST","decl":{"start":{"line":25,"column":22},"end":{"line":25,"column":26}},"loc":{"start":{"line":25,"column":64},"end":{"line":65,"column":1}},"line":25}},"branchMap":{"0":{"loc":{"start":{"line":18,"column":17},"end":{"line":18,"column":73}},"type":"cond-expr","locations":[{"start":{"line":18,"column":42},"end":{"line":18,"column":55}},{"start":{"line":18,"column":58},"end":{"line":18,"column":73}}],"line":18},"1":{"loc":{"start":{"line":30,"column":4},"end":{"line":38,"column":5}},"type":"if","locations":[{"start":{"line":30,"column":4},"end":{"line":38,"column":5}},{"start":{},"end":{}}],"line":30},"2":{"loc":{"start":{"line":30,"column":8},"end":{"line":30,"column":66}},"type":"binary-expr","locations":[{"start":{"line":30,"column":8},"end":{"line":30,"column":17}},{"start":{"line":30,"column":21},"end":{"line":30,"column":49}},{"start":{"line":30,"column":53},"end":{"line":30,"column":66}}],"line":30},"3":{"loc":{"start":{"line":60,"column":17},"end":{"line":60,"column":73}},"type":"cond-expr","locations":[{"start":{"line":60,"column":42},"end":{"line":60,"column":55}},{"start":{"line":60,"column":58},"end":{"line":60,"column":73}}],"line":60}},"s":{"0":8,"1":8,"2":4,"3":4,"4":4,"5":28,"6":28,"7":26,"8":26,"9":10,"10":16,"11":16,"12":12,"13":6,"14":6},"f":{"0":8,"1":28},"b":{"0":[2,2],"1":[10,16],"2":[26,20,18],"3":[2,4]},"_coverageSchema":"1a1c01bbd47fc00a2c39e90264f33305004495a9","hash":"01c445758475c5778a1df89a51fb2c88492c5c33"}
,"/Users/antoineanthony/Desktop/workshop/potty-timer/app/api/timers/[id]+api.ts": {"path":"/Users/antoineanthony/Desktop/workshop/potty-timer/app/api/timers/[id]+api.ts","statementMap":{"0":{"start":{"line":7,"column":2},"end":{"line":34,"column":3}},"1":{"start":{"line":8,"column":18},"end":{"line":8,"column":45}},"2":{"start":{"line":10,"column":4},"end":{"line":18,"column":5}},"3":{"start":{"line":11,"column":6},"end":{"line":17,"column":8}},"4":{"start":{"line":20,"column":4},"end":{"line":23,"column":7}},"5":{"start":{"line":25,"column":4},"end":{"line":25,"column":57}},"6":{"start":{"line":26,"column":4},"end":{"line":33,"column":6}},"7":{"start":{"line":41,"column":2},"end":{"line":151,"column":3}},"8":{"start":{"line":43,"column":4},"end":{"line":51,"column":5}},"9":{"start":{"line":44,"column":6},"end":{"line":50,"column":8}},"10":{"start":{"line":53,"column":20},"end":{"line":53,"column":42}},"11":{"start":{"line":54,"column":19},"end":{"line":54,"column":46}},"12":{"start":{"line":56,"column":18},"end":{"line":56,"column":45}},"13":{"start":{"line":57,"column":4},"end":{"line":65,"column":5}},"14":{"start":{"line":58,"column":6},"end":{"line":64,"column":8}},"15":{"start":{"line":68,"column":24},"end":{"line":68,"column":26}},"16":{"start":{"line":70,"column":4},"end":{"line":134,"column":5}},"17":{"start":{"line":72,"column":8},"end":{"line":76,"column":11}},"18":{"start":{"line":77,"column":8},"end":{"line":77,"column":32}},"19":{"start":{"line":78,"column":8},"end":{"line":78,"column":14}},"20":{"start":{"line":81,"column":8},"end":{"line":92,"column":9}},"21":{"start":{"line":82,"column":22},"end":{"line":82,"column":32}},"22":{"start":{"line":83,"column":26},"end":{"line":83,"column":68}},"23":{"start":{"line":84,"column":28},"end":{"line":84,"column":65}},"24":{"start":{"line":86,"column":10},"end":{"line":89,"column":13}},"25":{"start":{"line":91,"column":10},"end":{"line":91,"column":31}},"26":{"start":{"line":93,"column":8},"end":{"line":93,"column":32}},"27":{"start":{"line":94,"column":8},"end":{"line":94,"column":14}},"28":{"start":{"line":97,"column":8},"end":{"line":102,"column":11}},"29":{"start":{"line":103,"column":8},"end":{"line":103,"column":32}},"30":{"start":{"line":104,"column":8},"end":{"line":104,"column":14}},"31":{"start":{"line":107,"column":21},"end":{"line":107,"column":41}},"32":{"start":{"line":108,"column":29},"end":{"line":108,"column":33}},"33":{"start":{"line":110,"column":8},"end":{"line":118,"column":9}},"34":{"start":{"line":111,"column":10},"end":{"line":117,"column":12}},"35":{"start":{"line":120,"column":8},"end":{"line":124,"column":11}},"36":{"start":{"line":125,"column":8},"end":{"line":125,"column":35}},"37":{"start":{"line":126,"column":8},"end":{"line":126,"column":14}},"38":{"start":{"line":130,"column":27},"end":{"line":130,"column":47}},"39":{"start":{"line":131,"column":8},"end":{"line":131,"column":66}},"40":{"start":{"line":132,"column":8},"end":{"line":132,"column":34}},"41":{"start":{"line":133,"column":8},"end":{"line":133,"column":14}},"42":{"start":{"line":136,"column":4},"end":{"line":140,"column":7}},"43":{"start":{"line":142,"column":4},"end":{"line":142,"column":57}},"44":{"start":{"line":143,"column":4},"end":{"line":150,"column":6}},"45":{"start":{"line":158,"column":2},"end":{"line":186,"column":3}},"46":{"start":{"line":159,"column":18},"end":{"line":159,"column":45}},"47":{"start":{"line":160,"column":4},"end":{"line":168,"column":5}},"48":{"start":{"line":161,"column":6},"end":{"line":167,"column":8}},"49":{"start":{"line":170,"column":4},"end":{"line":170,"column":35}},"50":{"start":{"line":172,"column":4},"end":{"line":175,"column":7}},"51":{"start":{"line":177,"column":4},"end":{"line":177,"column":60}},"52":{"start":{"line":178,"column":4},"end":{"line":185,"column":6}}},"fnMap":{"0":{"name":"GET","decl":{"start":{"line":3,"column":22},"end":{"line":3,"column":25}},"loc":{"start":{"line":6,"column":21},"end":{"line":35,"column":1}},"line":6},"1":{"name":"PUT","decl":{"start":{"line":37,"column":22},"end":{"line":37,"column":25}},"loc":{"start":{"line":40,"column":21},"end":{"line":152,"column":1}},"line":40},"2":{"name":"DELETE","decl":{"start":{"line":154,"column":22},"end":{"line":154,"column":28}},"loc":{"start":{"line":157,"column":21},"end":{"line":187,"column":1}},"line":157}},"branchMap":{"0":{"loc":{"start":{"line":10,"column":4},"end":{"line":18,"column":5}},"type":"if","locations":[{"start":{"line":10,"column":4},"end":{"line":18,"column":5}},{"start":{},"end":{}}],"line":10},"1":{"loc":{"start":{"line":30,"column":17},"end":{"line":30,"column":73}},"type":"cond-expr","locations":[{"start":{"line":30,"column":42},"end":{"line":30,"column":55}},{"start":{"line":30,"column":58},"end":{"line":30,"column":73}}],"line":30},"2":{"loc":{"start":{"line":43,"column":4},"end":{"line":51,"column":5}},"type":"if","locations":[{"start":{"line":43,"column":4},"end":{"line":51,"column":5}},{"start":{},"end":{}}],"line":43},"3":{"loc":{"start":{"line":43,"column":8},"end":{"line":43,"column":31}},"type":"binary-expr","locations":[{"start":{"line":43,"column":8},"end":{"line":43,"column":11}},{"start":{"line":43,"column":15},"end":{"line":43,"column":31}}],"line":43},"4":{"loc":{"start":{"line":57,"column":4},"end":{"line":65,"column":5}},"type":"if","locations":[{"start":{"line":57,"column":4},"end":{"line":65,"column":5}},{"start":{},"end":{}}],"line":57},"5":{"loc":{"start":{"line":70,"column":4},"end":{"line":134,"column":5}},"type":"switch","locations":[{"start":{"line":71,"column":6},"end":{"line":78,"column":14}},{"start":{"line":80,"column":6},"end":{"line":94,"column":14}},{"start":{"line":96,"column":6},"end":{"line":104,"column":14}},{"start":{"line":106,"column":6},"end":{"line":126,"column":14}},{"start":{"line":128,"column":6},"end":{"line":133,"column":14}}],"line":70},"6":{"loc":{"start":{"line":81,"column":8},"end":{"line":92,"column":9}},"type":"if","locations":[{"start":{"line":81,"column":8},"end":{"line":92,"column":9}},{"start":{"line":90,"column":15},"end":{"line":92,"column":9}}],"line":81},"7":{"loc":{"start":{"line":110,"column":8},"end":{"line":118,"column":9}},"type":"if","locations":[{"start":{"line":110,"column":8},"end":{"line":118,"column":9}},{"start":{},"end":{}}],"line":110},"8":{"loc":{"start":{"line":110,"column":12},"end":{"line":110,"column":70}},"type":"binary-expr","locations":[{"start":{"line":110,"column":12},"end":{"line":110,"column":21}},{"start":{"line":110,"column":25},"end":{"line":110,"column":53}},{"start":{"line":110,"column":57},"end":{"line":110,"column":70}}],"line":110},"9":{"loc":{"start":{"line":122,"column":25},"end":{"line":122,"column":61}},"type":"cond-expr","locations":[{"start":{"line":122,"column":42},"end":{"line":122,"column":50}},{"start":{"line":122,"column":53},"end":{"line":122,"column":61}}],"line":122},"10":{"loc":{"start":{"line":123,"column":21},"end":{"line":123,"column":66}},"type":"cond-expr","locations":[{"start":{"line":123,"column":38},"end":{"line":123,"column":48}},{"start":{"line":123,"column":51},"end":{"line":123,"column":66}}],"line":123},"11":{"loc":{"start":{"line":147,"column":17},"end":{"line":147,"column":73}},"type":"cond-expr","locations":[{"start":{"line":147,"column":42},"end":{"line":147,"column":55}},{"start":{"line":147,"column":58},"end":{"line":147,"column":73}}],"line":147},"12":{"loc":{"start":{"line":160,"column":4},"end":{"line":168,"column":5}},"type":"if","locations":[{"start":{"line":160,"column":4},"end":{"line":168,"column":5}},{"start":{},"end":{}}],"line":160},"13":{"loc":{"start":{"line":182,"column":17},"end":{"line":182,"column":73}},"type":"cond-expr","locations":[{"start":{"line":182,"column":42},"end":{"line":182,"column":55}},{"start":{"line":182,"column":58},"end":{"line":182,"column":73}}],"line":182}},"s":{"0":8,"1":8,"2":6,"3":4,"4":2,"5":2,"6":2,"7":20,"8":20,"9":2,"10":18,"11":18,"12":18,"13":18,"14":2,"15":16,"16":16,"17":4,"18":2,"19":2,"20":2,"21":2,"22":2,"23":2,"24":2,"25":0,"26":2,"27":2,"28":2,"29":2,"30":2,"31":6,"32":4,"33":4,"34":2,"35":2,"36":2,"37":2,"38":2,"39":2,"40":2,"41":2,"42":10,"43":4,"44":4,"45":6,"46":6,"47":6,"48":2,"49":4,"50":2,"51":2,"52":2},"f":{"0":8,"1":20,"2":6},"b":{"0":[4,2],"1":[2,0],"2":[2,18],"3":[20,18],"4":[2,16],"5":[4,2,2,6,2],"6":[2,0],"7":[2,2],"8":[4,4,4],"9":[0,2],"10":[0,2],"11":[2,2],"12":[2,4],"13":[2,0]},"_coverageSchema":"1a1c01bbd47fc00a2c39e90264f33305004495a9","hash":"c8230ff7bd86349b43958127d82815ebd0ab7caa"}
,"/Users/antoineanthony/Desktop/workshop/potty-timer/app/api/timers/current+api.ts": {"path":"/Users/antoineanthony/Desktop/workshop/potty-timer/app/api/timers/current+api.ts","statementMap":{"0":{"start":{"line":4,"column":2},"end":{"line":68,"column":3}},"1":{"start":{"line":5,"column":18},"end":{"line":5,"column":50}},"2":{"start":{"line":7,"column":4},"end":{"line":15,"column":5}},"3":{"start":{"line":8,"column":6},"end":{"line":14,"column":8}},"4":{"start":{"line":18,"column":4},"end":{"line":52,"column":5}},"5":{"start":{"line":19,"column":18},"end":{"line":19,"column":28}},"6":{"start":{"line":20,"column":22},"end":{"line":20,"column":64}},"7":{"start":{"line":21,"column":24},"end":{"line":21,"column":61}},"8":{"start":{"line":24,"column":27},"end":{"line":27,"column":7}},"9":{"start":{"line":30,"column":6},"end":{"line":46,"column":7}},"10":{"start":{"line":31,"column":8},"end":{"line":35,"column":11}},"11":{"start":{"line":37,"column":8},"end":{"line":45,"column":11}},"12":{"start":{"line":48,"column":6},"end":{"line":51,"column":9}},"13":{"start":{"line":54,"column":4},"end":{"line":57,"column":7}},"14":{"start":{"line":59,"column":4},"end":{"line":59,"column":59}},"15":{"start":{"line":60,"column":4},"end":{"line":67,"column":6}}},"fnMap":{"0":{"name":"GET","decl":{"start":{"line":3,"column":22},"end":{"line":3,"column":25}},"loc":{"start":{"line":3,"column":63},"end":{"line":69,"column":1}},"line":3}},"branchMap":{"0":{"loc":{"start":{"line":7,"column":4},"end":{"line":15,"column":5}},"type":"if","locations":[{"start":{"line":7,"column":4},"end":{"line":15,"column":5}},{"start":{},"end":{}}],"line":7},"1":{"loc":{"start":{"line":18,"column":4},"end":{"line":52,"column":5}},"type":"if","locations":[{"start":{"line":18,"column":4},"end":{"line":52,"column":5}},{"start":{},"end":{}}],"line":18},"2":{"loc":{"start":{"line":30,"column":6},"end":{"line":46,"column":7}},"type":"if","locations":[{"start":{"line":30,"column":6},"end":{"line":46,"column":7}},{"start":{},"end":{}}],"line":30},"3":{"loc":{"start":{"line":30,"column":10},"end":{"line":30,"column":53}},"type":"binary-expr","locations":[{"start":{"line":30,"column":10},"end":{"line":30,"column":24}},{"start":{"line":30,"column":28},"end":{"line":30,"column":53}}],"line":30},"4":{"loc":{"start":{"line":64,"column":17},"end":{"line":64,"column":73}},"type":"cond-expr","locations":[{"start":{"line":64,"column":42},"end":{"line":64,"column":55}},{"start":{"line":64,"column":58},"end":{"line":64,"column":73}}],"line":64}},"s":{"0":0,"1":0,"2":0,"3":0,"4":0,"5":0,"6":0,"7":0,"8":0,"9":0,"10":0,"11":0,"12":0,"13":0,"14":0,"15":0},"f":{"0":0},"b":{"0":[0,0],"1":[0,0],"2":[0,0],"3":[0,0],"4":[0,0]}}
,"/Users/antoineanthony/Desktop/workshop/potty-timer/app/api/timers/[id]/duration+api.ts": {"path":"/Users/antoineanthony/Desktop/workshop/potty-timer/app/api/timers/[id]/duration+api.ts","statementMap":{"0":{"start":{"line":7,"column":2},"end":{"line":53,"column":3}},"1":{"start":{"line":8,"column":18},"end":{"line":8,"column":45}},"2":{"start":{"line":9,"column":4},"end":{"line":17,"column":5}},"3":{"start":{"line":10,"column":6},"end":{"line":16,"column":8}},"4":{"start":{"line":19,"column":17},"end":{"line":19,"column":37}},"5":{"start":{"line":20,"column":25},"end":{"line":20,"column":29}},"6":{"start":{"line":22,"column":4},"end":{"line":30,"column":5}},"7":{"start":{"line":23,"column":6},"end":{"line":29,"column":8}},"8":{"start":{"line":32,"column":25},"end":{"line":36,"column":6}},"9":{"start":{"line":38,"column":4},"end":{"line":42,"column":7}},"10":{"start":{"line":44,"column":4},"end":{"line":44,"column":66}},"11":{"start":{"line":45,"column":4},"end":{"line":52,"column":6}}},"fnMap":{"0":{"name":"PUT","decl":{"start":{"line":3,"column":22},"end":{"line":3,"column":25}},"loc":{"start":{"line":6,"column":21},"end":{"line":54,"column":1}},"line":6}},"branchMap":{"0":{"loc":{"start":{"line":9,"column":4},"end":{"line":17,"column":5}},"type":"if","locations":[{"start":{"line":9,"column":4},"end":{"line":17,"column":5}},{"start":{},"end":{}}],"line":9},"1":{"loc":{"start":{"line":22,"column":4},"end":{"line":30,"column":5}},"type":"if","locations":[{"start":{"line":22,"column":4},"end":{"line":30,"column":5}},{"start":{},"end":{}}],"line":22},"2":{"loc":{"start":{"line":22,"column":8},"end":{"line":22,"column":66}},"type":"binary-expr","locations":[{"start":{"line":22,"column":8},"end":{"line":22,"column":17}},{"start":{"line":22,"column":21},"end":{"line":22,"column":49}},{"start":{"line":22,"column":53},"end":{"line":22,"column":66}}],"line":22},"3":{"loc":{"start":{"line":34,"column":21},"end":{"line":34,"column":57}},"type":"cond-expr","locations":[{"start":{"line":34,"column":38},"end":{"line":34,"column":46}},{"start":{"line":34,"column":49},"end":{"line":34,"column":57}}],"line":34},"4":{"loc":{"start":{"line":35,"column":17},"end":{"line":35,"column":62}},"type":"cond-expr","locations":[{"start":{"line":35,"column":34},"end":{"line":35,"column":44}},{"start":{"line":35,"column":47},"end":{"line":35,"column":62}}],"line":35},"5":{"loc":{"start":{"line":49,"column":17},"end":{"line":49,"column":73}},"type":"cond-expr","locations":[{"start":{"line":49,"column":42},"end":{"line":49,"column":55}},{"start":{"line":49,"column":58},"end":{"line":49,"column":73}}],"line":49}},"s":{"0":0,"1":0,"2":0,"3":0,"4":0,"5":0,"6":0,"7":0,"8":0,"9":0,"10":0,"11":0},"f":{"0":0},"b":{"0":[0,0],"1":[0,0],"2":[0,0,0],"3":[0,0],"4":[0,0],"5":[0,0]}}
,"/Users/antoineanthony/Desktop/workshop/potty-timer/app/api/timers/[id]/pause+api.ts": {"path":"/Users/antoineanthony/Desktop/workshop/potty-timer/app/api/timers/[id]/pause+api.ts","statementMap":{"0":{"start":{"line":7,"column":2},"end":{"line":48,"column":3}},"1":{"start":{"line":8,"column":18},"end":{"line":8,"column":45}},"2":{"start":{"line":9,"column":4},"end":{"line":17,"column":5}},"3":{"start":{"line":10,"column":6},"end":{"line":16,"column":8}},"4":{"start":{"line":20,"column":4},"end":{"line":31,"column":5}},"5":{"start":{"line":21,"column":18},"end":{"line":21,"column":28}},"6":{"start":{"line":22,"column":22},"end":{"line":22,"column":64}},"7":{"start":{"line":23,"column":24},"end":{"line":23,"column":61}},"8":{"start":{"line":25,"column":6},"end":{"line":28,"column":9}},"9":{"start":{"line":30,"column":6},"end":{"line":30,"column":27}},"10":{"start":{"line":33,"column":4},"end":{"line":37,"column":7}},"11":{"start":{"line":39,"column":4},"end":{"line":39,"column":63}},"12":{"start":{"line":40,"column":4},"end":{"line":47,"column":6}}},"fnMap":{"0":{"name":"PUT","decl":{"start":{"line":3,"column":22},"end":{"line":3,"column":25}},"loc":{"start":{"line":6,"column":21},"end":{"line":49,"column":1}},"line":6}},"branchMap":{"0":{"loc":{"start":{"line":9,"column":4},"end":{"line":17,"column":5}},"type":"if","locations":[{"start":{"line":9,"column":4},"end":{"line":17,"column":5}},{"start":{},"end":{}}],"line":9},"1":{"loc":{"start":{"line":20,"column":4},"end":{"line":31,"column":5}},"type":"if","locations":[{"start":{"line":20,"column":4},"end":{"line":31,"column":5}},{"start":{"line":29,"column":11},"end":{"line":31,"column":5}}],"line":20},"2":{"loc":{"start":{"line":44,"column":17},"end":{"line":44,"column":73}},"type":"cond-expr","locations":[{"start":{"line":44,"column":42},"end":{"line":44,"column":55}},{"start":{"line":44,"column":58},"end":{"line":44,"column":73}}],"line":44}},"s":{"0":0,"1":0,"2":0,"3":0,"4":0,"5":0,"6":0,"7":0,"8":0,"9":0,"10":0,"11":0,"12":0},"f":{"0":0},"b":{"0":[0,0],"1":[0,0],"2":[0,0]}}
,"/Users/antoineanthony/Desktop/workshop/potty-timer/app/api/timers/[id]/reset+api.ts": {"path":"/Users/antoineanthony/Desktop/workshop/potty-timer/app/api/timers/[id]/reset+api.ts","statementMap":{"0":{"start":{"line":7,"column":2},"end":{"line":41,"column":3}},"1":{"start":{"line":8,"column":18},"end":{"line":8,"column":45}},"2":{"start":{"line":9,"column":4},"end":{"line":17,"column":5}},"3":{"start":{"line":10,"column":6},"end":{"line":16,"column":8}},"4":{"start":{"line":19,"column":25},"end":{"line":24,"column":6}},"5":{"start":{"line":26,"column":4},"end":{"line":30,"column":7}},"6":{"start":{"line":32,"column":4},"end":{"line":32,"column":63}},"7":{"start":{"line":33,"column":4},"end":{"line":40,"column":6}}},"fnMap":{"0":{"name":"PUT","decl":{"start":{"line":3,"column":22},"end":{"line":3,"column":25}},"loc":{"start":{"line":6,"column":21},"end":{"line":42,"column":1}},"line":6}},"branchMap":{"0":{"loc":{"start":{"line":9,"column":4},"end":{"line":17,"column":5}},"type":"if","locations":[{"start":{"line":9,"column":4},"end":{"line":17,"column":5}},{"start":{},"end":{}}],"line":9},"1":{"loc":{"start":{"line":37,"column":17},"end":{"line":37,"column":73}},"type":"cond-expr","locations":[{"start":{"line":37,"column":42},"end":{"line":37,"column":55}},{"start":{"line":37,"column":58},"end":{"line":37,"column":73}}],"line":37}},"s":{"0":0,"1":0,"2":0,"3":0,"4":0,"5":0,"6":0,"7":0},"f":{"0":0},"b":{"0":[0,0],"1":[0,0]}}
,"/Users/antoineanthony/Desktop/workshop/potty-timer/app/api/timers/[id]/start+api.ts": {"path":"/Users/antoineanthony/Desktop/workshop/potty-timer/app/api/timers/[id]/start+api.ts","statementMap":{"0":{"start":{"line":7,"column":2},"end":{"line":40,"column":3}},"1":{"start":{"line":8,"column":18},"end":{"line":8,"column":45}},"2":{"start":{"line":9,"column":4},"end":{"line":17,"column":5}},"3":{"start":{"line":10,"column":6},"end":{"line":16,"column":8}},"4":{"start":{"line":19,"column":25},"end":{"line":23,"column":6}},"5":{"start":{"line":25,"column":4},"end":{"line":29,"column":7}},"6":{"start":{"line":31,"column":4},"end":{"line":31,"column":63}},"7":{"start":{"line":32,"column":4},"end":{"line":39,"column":6}}},"fnMap":{"0":{"name":"PUT","decl":{"start":{"line":3,"column":22},"end":{"line":3,"column":25}},"loc":{"start":{"line":6,"column":21},"end":{"line":41,"column":1}},"line":6}},"branchMap":{"0":{"loc":{"start":{"line":9,"column":4},"end":{"line":17,"column":5}},"type":"if","locations":[{"start":{"line":9,"column":4},"end":{"line":17,"column":5}},{"start":{},"end":{}}],"line":9},"1":{"loc":{"start":{"line":36,"column":17},"end":{"line":36,"column":73}},"type":"cond-expr","locations":[{"start":{"line":36,"column":42},"end":{"line":36,"column":55}},{"start":{"line":36,"column":58},"end":{"line":36,"column":73}}],"line":36}},"s":{"0":0,"1":0,"2":0,"3":0,"4":0,"5":0,"6":0,"7":0},"f":{"0":0},"b":{"0":[0,0],"1":[0,0]}}
,"/Users/antoineanthony/Desktop/workshop/potty-timer/contexts/TimerContext.tsx": {"path":"/Users/antoineanthony/Desktop/workshop/potty-timer/contexts/TimerContext.tsx","statementMap":{"0":{"start":{"line":43,"column":21},"end":{"line":70,"column":1}},"1":{"start":{"line":47,"column":2},"end":{"line":69,"column":3}},"2":{"start":{"line":49,"column":6},"end":{"line":49,"column":62}},"3":{"start":{"line":51,"column":6},"end":{"line":53,"column":16}},"4":{"start":{"line":55,"column":6},"end":{"line":60,"column":16}},"5":{"start":{"line":62,"column":6},"end":{"line":62,"column":51}},"6":{"start":{"line":64,"column":6},"end":{"line":64,"column":49}},"7":{"start":{"line":66,"column":6},"end":{"line":66,"column":39}},"8":{"start":{"line":68,"column":6},"end":{"line":68,"column":19}},"9":{"start":{"line":73,"column":21},"end":{"line":73,"column":75}},"10":{"start":{"line":77,"column":28},"end":{"line":81,"column":4}},"11":{"start":{"line":84,"column":2},"end":{"line":95,"column":9}},"12":{"start":{"line":85,"column":30},"end":{"line":92,"column":5}},"13":{"start":{"line":86,"column":6},"end":{"line":91,"column":7}},"14":{"start":{"line":87,"column":8},"end":{"line":87,"column":36}},"15":{"start":{"line":88,"column":8},"end":{"line":88,"column":26}},"16":{"start":{"line":90,"column":8},"end":{"line":90,"column":63}},"17":{"start":{"line":94,"column":4},"end":{"line":94,"column":24}},"18":{"start":{"line":98,"column":33},"end":{"line":106,"column":3}},"19":{"start":{"line":99,"column":4},"end":{"line":99,"column":52}},"20":{"start":{"line":99,"column":25},"end":{"line":99,"column":52}},"21":{"start":{"line":101,"column":16},"end":{"line":101,"column":26}},"22":{"start":{"line":102,"column":20},"end":{"line":102,"column":62}},"23":{"start":{"line":103,"column":22},"end":{"line":103,"column":59}},"24":{"start":{"line":105,"column":4},"end":{"line":105,"column":21}},"25":{"start":{"line":109,"column":2},"end":{"line":131,"column":77}},"26":{"start":{"line":110,"column":4},"end":{"line":110,"column":39}},"27":{"start":{"line":110,"column":32},"end":{"line":110,"column":39}},"28":{"start":{"line":112,"column":21},"end":{"line":128,"column":11}},"29":{"start":{"line":113,"column":24},"end":{"line":113,"column":60}},"30":{"start":{"line":114,"column":6},"end":{"line":114,"column":70}},"31":{"start":{"line":117,"column":6},"end":{"line":127,"column":7}},"32":{"start":{"line":118,"column":8},"end":{"line":118,"column":67}},"33":{"start":{"line":120,"column":8},"end":{"line":126,"column":32}},"34":{"start":{"line":130,"column":4},"end":{"line":130,"column":41}},"35":{"start":{"line":130,"column":17},"end":{"line":130,"column":40}},"36":{"start":{"line":134,"column":2},"end":{"line":136,"column":9}},"37":{"start":{"line":135,"column":4},"end":{"line":135,"column":16}},"38":{"start":{"line":138,"column":22},"end":{"line":158,"column":3}},"39":{"start":{"line":139,"column":4},"end":{"line":157,"column":5}},"40":{"start":{"line":140,"column":6},"end":{"line":140,"column":55}},"41":{"start":{"line":141,"column":20},"end":{"line":147,"column":8}},"42":{"start":{"line":148,"column":6},"end":{"line":148,"column":54}},"43":{"start":{"line":150,"column":6},"end":{"line":154,"column":9}},"44":{"start":{"line":156,"column":6},"end":{"line":156,"column":56}},"45":{"start":{"line":160,"column":21},"end":{"line":180,"column":3}},"46":{"start":{"line":161,"column":4},"end":{"line":161,"column":29}},"47":{"start":{"line":161,"column":22},"end":{"line":161,"column":29}},"48":{"start":{"line":163,"column":4},"end":{"line":179,"column":5}},"49":{"start":{"line":164,"column":6},"end":{"line":164,"column":55}},"50":{"start":{"line":165,"column":27},"end":{"line":169,"column":8}},"51":{"start":{"line":170,"column":6},"end":{"line":170,"column":61}},"52":{"start":{"line":172,"column":6},"end":{"line":176,"column":9}},"53":{"start":{"line":178,"column":6},"end":{"line":178,"column":56}},"54":{"start":{"line":182,"column":21},"end":{"line":202,"column":3}},"55":{"start":{"line":183,"column":4},"end":{"line":183,"column":29}},"56":{"start":{"line":183,"column":22},"end":{"line":183,"column":29}},"57":{"start":{"line":185,"column":4},"end":{"line":201,"column":5}},"58":{"start":{"line":186,"column":6},"end":{"line":186,"column":55}},"59":{"start":{"line":187,"column":24},"end":{"line":187,"column":59}},"60":{"start":{"line":188,"column":27},"end":{"line":191,"column":8}},"61":{"start":{"line":192,"column":6},"end":{"line":192,"column":61}},"62":{"start":{"line":194,"column":6},"end":{"line":198,"column":9}},"63":{"start":{"line":200,"column":6},"end":{"line":200,"column":56}},"64":{"start":{"line":204,"column":21},"end":{"line":226,"column":3}},"65":{"start":{"line":205,"column":4},"end":{"line":205,"column":29}},"66":{"start":{"line":205,"column":22},"end":{"line":205,"column":29}},"67":{"start":{"line":207,"column":4},"end":{"line":225,"column":5}},"68":{"start":{"line":208,"column":6},"end":{"line":208,"column":55}},"69":{"start":{"line":209,"column":27},"end":{"line":214,"column":8}},"70":{"start":{"line":215,"column":6},"end":{"line":215,"column":61}},"71":{"start":{"line":216,"column":6},"end":{"line":216,"column":66}},"72":{"start":{"line":218,"column":6},"end":{"line":222,"column":9}},"73":{"start":{"line":224,"column":6},"end":{"line":224,"column":56}},"74":{"start":{"line":228,"column":25},"end":{"line":248,"column":3}},"75":{"start":{"line":229,"column":4},"end":{"line":229,"column":29}},"76":{"start":{"line":229,"column":22},"end":{"line":229,"column":29}},"77":{"start":{"line":231,"column":4},"end":{"line":247,"column":5}},"78":{"start":{"line":232,"column":6},"end":{"line":232,"column":55}},"79":{"start":{"line":233,"column":27},"end":{"line":237,"column":8}},"80":{"start":{"line":238,"column":6},"end":{"line":238,"column":61}},"81":{"start":{"line":240,"column":6},"end":{"line":244,"column":9}},"82":{"start":{"line":246,"column":6},"end":{"line":246,"column":56}},"83":{"start":{"line":250,"column":20},"end":{"line":281,"column":3}},"84":{"start":{"line":251,"column":4},"end":{"line":280,"column":5}},"85":{"start":{"line":252,"column":6},"end":{"line":252,"column":55}},"86":{"start":{"line":253,"column":20},"end":{"line":253,"column":52}},"87":{"start":{"line":254,"column":6},"end":{"line":263,"column":7}},"88":{"start":{"line":256,"column":26},"end":{"line":256,"column":55}},"89":{"start":{"line":257,"column":29},"end":{"line":257,"column":67}},"90":{"start":{"line":258,"column":8},"end":{"line":258,"column":63}},"91":{"start":{"line":261,"column":8},"end":{"line":261,"column":78}},"92":{"start":{"line":262,"column":8},"end":{"line":262,"column":32}},"93":{"start":{"line":265,"column":6},"end":{"line":265,"column":70}},"94":{"start":{"line":267,"column":6},"end":{"line":277,"column":7}},"95":{"start":{"line":268,"column":8},"end":{"line":268,"column":32}},"96":{"start":{"line":270,"column":8},"end":{"line":276,"column":11}},"97":{"start":{"line":279,"column":6},"end":{"line":279,"column":56}},"98":{"start":{"line":283,"column":30},"end":{"line":291,"column":3}},"99":{"start":{"line":284,"column":4},"end":{"line":284,"column":77}},"100":{"start":{"line":286,"column":4},"end":{"line":290,"column":5}},"101":{"start":{"line":287,"column":6},"end":{"line":289,"column":30}},"102":{"start":{"line":293,"column":34},"end":{"line":304,"column":3}},"103":{"start":{"line":306,"column":2},"end":{"line":308,"column":4}},"104":{"start":{"line":313,"column":18},"end":{"line":313,"column":42}},"105":{"start":{"line":314,"column":2},"end":{"line":316,"column":3}},"106":{"start":{"line":315,"column":4},"end":{"line":315,"column":68}},"107":{"start":{"line":317,"column":2},"end":{"line":317,"column":17}}},"fnMap":{"0":{"name":"(anonymous_0)","decl":{"start":{"line":43,"column":21},"end":{"line":43,"column":22}},"loc":{"start":{"line":46,"column":5},"end":{"line":70,"column":1}},"line":46},"1":{"name":"TimerProvider","decl":{"start":{"line":76,"column":16},"end":{"line":76,"column":29}},"loc":{"start":{"line":76,"column":69},"end":{"line":309,"column":1}},"line":76},"2":{"name":"(anonymous_2)","decl":{"start":{"line":84,"column":12},"end":{"line":84,"column":13}},"loc":{"start":{"line":84,"column":18},"end":{"line":95,"column":3}},"line":84},"3":{"name":"(anonymous_3)","decl":{"start":{"line":85,"column":30},"end":{"line":85,"column":31}},"loc":{"start":{"line":85,"column":42},"end":{"line":92,"column":5}},"line":85},"4":{"name":"(anonymous_4)","decl":{"start":{"
[...]
}},"90":{"start":{"line":210,"column":4},"end":{"line":210,"column":62}},"91":{"start":{"line":210,"column":18},"end":{"line":210,"column":62}},"92":{"start":{"line":212,"column":4},"end":{"line":239,"column":7}},"93":{"start":{"line":213,"column":6},"end":{"line":238,"column":9}},"94":{"start":{"line":214,"column":8},"end":{"line":237,"column":10}},"95":{"start":{"line":218,"column":12},"end":{"line":230,"column":13}},"96":{"start":{"line":219,"column":26},"end":{"line":219,"column":45}},"97":{"start":{"line":220,"column":14},"end":{"line":227,"column":17}},"98":{"start":{"line":229,"column":14},"end":{"line":229,"column":28}},"99":{"start":{"line":233,"column":12},"end":{"line":233,"column":59}},"100":{"start":{"line":234,"column":12},"end":{"line":234,"column":26}},"101":{"start":{"line":235,"column":12},"end":{"line":235,"column":25}},"102":{"start":{"line":243,"column":4},"end":{"line":243,"column":62}},"103":{"start":{"line":243,"column":18},"end":{"line":243,"column":62}},"104":{"start":{"line":245,"column":4},"end":{"line":272,"column":7}},"105":{"start":{"line":246,"column":6},"end":{"line":271,"column":9}},"106":{"start":{"line":247,"column":8},"end":{"line":270,"column":10}},"107":{"start":{"line":251,"column":12},"end":{"line":263,"column":13}},"108":{"start":{"line":252,"column":26},"end":{"line":252,"column":45}},"109":{"start":{"line":253,"column":14},"end":{"line":260,"column":17}},"110":{"start":{"line":262,"column":14},"end":{"line":262,"column":28}},"111":{"start":{"line":266,"column":12},"end":{"line":266,"column":67}},"112":{"start":{"line":267,"column":12},"end":{"line":267,"column":26}},"113":{"start":{"line":268,"column":12},"end":{"line":268,"column":25}},"114":{"start":{"line":276,"column":4},"end":{"line":276,"column":62}},"115":{"start":{"line":276,"column":18},"end":{"line":276,"column":62}},"116":{"start":{"line":278,"column":4},"end":{"line":305,"column":7}},"117":{"start":{"line":279,"column":6},"end":{"line":304,"column":9}},"118":{"start":{"line":280,"column":8},"end":{"line":303,"column":10}},"119":{"start":{"line":284,"column":41},"end":{"line":284,"column":43}},"120":{"start":{"line":285,"column":12},"end":{"line":295,"column":13}},"121":{"start":{"line":285,"column":25},"end":{"line":285,"column":26}},"122":{"start":{"line":286,"column":26},"end":{"line":286,"column":45}},"123":{"start":{"line":287,"column":14},"end":{"line":294,"column":17}},"124":{"start":{"line":296,"column":12},"end":{"line":296,"column":28}},"125":{"start":{"line":299,"column":12},"end":{"line":299,"column":64}},"126":{"start":{"line":300,"column":12},"end":{"line":300,"column":26}},"127":{"start":{"line":301,"column":12},"end":{"line":301,"column":25}},"128":{"start":{"line":309,"column":4},"end":{"line":309,"column":62}},"129":{"start":{"line":309,"column":18},"end":{"line":309,"column":62}},"130":{"start":{"line":311,"column":4},"end":{"line":327,"column":7}},"131":{"start":{"line":312,"column":6},"end":{"line":326,"column":9}},"132":{"start":{"line":313,"column":8},"end":{"line":325,"column":10}},"133":{"start":{"line":317,"column":12},"end":{"line":317,"column":48}},"134":{"start":{"line":318,"column":12},"end":{"line":318,"column":22}},"135":{"start":{"line":321,"column":12},"end":{"line":321,"column":62}},"136":{"start":{"line":322,"column":12},"end":{"line":322,"column":26}},"137":{"start":{"line":323,"column":12},"end":{"line":323,"column":25}},"138":{"start":{"line":331,"column":4},"end":{"line":331,"column":62}},"139":{"start":{"line":331,"column":18},"end":{"line":331,"column":62}},"140":{"start":{"line":333,"column":4},"end":{"line":349,"column":7}},"141":{"start":{"line":334,"column":6},"end":{"line":348,"column":9}},"142":{"start":{"line":335,"column":8},"end":{"line":347,"column":10}},"143":{"start":{"line":339,"column":12},"end":{"line":339,"column":48}},"144":{"start":{"line":340,"column":12},"end":{"line":340,"column":22}},"145":{"start":{"line":343,"column":12},"end":{"line":343,"column":66}},"146":{"start":{"line":344,"column":12},"end":{"line":344,"column":26}},"147":{"start":{"line":345,"column":12},"end":{"line":345,"column":25}},"148":{"start":{"line":353,"column":24},"end":{"line":353,"column":45}}},"fnMap":{"0":{"name":"(anonymous_0)","decl":{"start":{"line":8,"column":2},"end":{"line":8,"column":3}},"loc":{"start":{"line":8,"column":36},"end":{"line":17,"column":3}},"line":8},"1":{"name":"(anonymous_1)","decl":{"start":{"line":20,"column":2},"end":{"line":20,"column":3}},"loc":{"start":{"line":20,"column":26},"end":{"line":23,"column":3}},"line":20},"2":{"name":"(anonymous_2)","decl":{"start":{"line":25,"column":2},"end":{"line":25,"column":3}},"loc":{"start":{"line":25,"column":46},"end":{"line":47,"column":3}},"line":25},"3":{"name":"(anonymous_3)","decl":{"start":{"line":26,"column":23},"end":{"line":26,"column":24}},"loc":{"start":{"line":26,"column":44},"end":{"line":46,"column":5}},"line":26},"4":{"name":"(anonymous_4)","decl":{"start":{"line":30,"column":16},"end":{"line":30,"column":17}},"loc":{"start":{"line":30,"column":22},"end":{"line":33,"column":11}},"line":30},"5":{"name":"(anonymous_5)","decl":{"start":{"line":34,"column":17},"end":{"line":34,"column":18}},"loc":{"start":{"line":34,"column":28},"end":{"line":39,"column":11}},"line":34},"6":{"name":"(anonymous_6)","decl":{"start":{"line":49,"column":2},"end":{"line":49,"column":3}},"loc":{"start":{"line":49,"column":46},"end":{"line":89,"column":3}},"line":49},"7":{"name":"(anonymous_7)","decl":{"start":{"line":52,"column":23},"end":{"line":52,"column":24}},"loc":{"start":{"line":52,"column":44},"end":{"line":88,"column":5}},"line":52},"8":{"name":"(anonymous_8)","decl":{"start":{"line":53,"column":27},"end":{"line":53,"column":28}},"loc":{"start":{"line":53,"column":35},"end":{"line":87,"column":7}},"line":53},"9":{"name":"(anonymous_9)","decl":{"start":{"line":66,"column":10},"end":{"line":66,"column":11}},"loc":{"start":{"line":66,"column":16},"end":{"line":80,"column":11}},"line":66},"10":{"name":"(anonymous_10)","decl":{"start":{"line":70,"column":14},"end":{"line":70,"column":15}},"loc":{"start":{"line":70,"column":20},"end":{"line":73,"column":15}},"line":70},"11":{"name":"(anonymous_11)","decl":{"start":{"line":74,"column":14},"end":{"line":74,"column":15}},"loc":{"start":{"line":74,"column":28},"end":{"line":78,"column":15}},"line":74},"12":{"name":"(anonymous_12)","decl":{"start":{"line":81,"column":10},"end":{"line":81,"column":11}},"loc":{"start":{"line":81,"column":24},"end":{"line":85,"column":11}},"line":81},"13":{"name":"(anonymous_13)","decl":{"start":{"line":91,"column":2},"end":{"line":91,"column":3}},"loc":{"start":{"line":91,"column":72},"end":{"line":128,"column":3}},"line":91},"14":{"name":"(anonymous_14)","decl":{"start":{"line":97,"column":23},"end":{"line":97,"column":24}},"loc":{"start":{"line":97,"column":44},"end":{"line":127,"column":5}},"line":97},"15":{"name":"(anonymous_15)","decl":{"start":{"line":98,"column":27},"end":{"line":98,"column":28}},"loc":{"start":{"line":98,"column":35},"end":{"line":126,"column":7}},"line":98},"16":{"name":"(anonymous_16)","decl":{"start":{"line":112,"column":10},"end":{"line":112,"column":11}},"loc":{"start":{"line":112,"column":16},"end":{"line":119,"column":11}},"line":112},"17":{"name":"(anonymous_17)","decl":{"start":{"line":120,"column":10},"end":{"line":120,"column":11}},"loc":{"start":{"line":120,"column":24},"end":{"line":124,"column":11}},"line":120},"18":{"name":"(anonymous_18)","decl":{"start":{"line":130,"column":2},"end":{"line":130,"column":3}},"loc":{"start":{"line":133,"column":25},"end":{"line":207,"column":3}},"line":133},"19":{"name":"(anonymous_19)","decl":{"start":{"line":165,"column":23},"end":{"line":165,"column":24}},"loc":{"start":{"line":165,"column":44},"end":{"line":206,"column":5}},"line":165},"20":{"name":"(anonymous_20)","decl":{"start":{"line":166,"column":27},"end":{"line":166,"column":28}},"loc":{"start":{"line":166,"column":35},"end":{"line":205,"column":7}},"line":166},"21":{"name":"(anonymous_21)","decl":{"start":{"line":170,"column":10},"end":{"line":170,"column":11}},"loc":{"start":{"line":170,"column":16},"end":{"line":198,"column":11}},"line":170},"22":{"name":"(anonymous_22)","decl":{"start":{"line":175,"column":14},"end":{"line":175,"column":15}},"loc":{"start":{"line":175,"column":29},"end":{"line":191,"column":15}},"line":175},"23":{"name":"(anonymous_23)","decl":{"start":{"line":192,"column":14},"end":{"line":192,"column":15}},"loc":{"start":{"line":192,"column":28},"end":{"line":196,"column":15}},"line":192},"24":{"name":"(anonymous_24)","decl":{"start":{"line":199,"column":10},"end":{"line":199,"column":11}},"loc":{"start":{"line":199,"column":24},"end":{"line":203,"column":11}},"line":199},"25":{"name":"(anonymous_25)","decl":{"start":{"line":209,"column":2},"end":{"line":209,"column":3}},"loc":{"start":{"line":209,"column":57},"end":{"line":240,"column":3}},"line":209},"26":{"name":"(anonymous_26)","decl":{"start":{"line":212,"column":23},"end":{"line":212,"column":24}},"loc":{"start":{"line":212,"column":44},"end":{"line":239,"column":5}},"line":212},"27":{"name":"(anonymous_27)","decl":{"start":{"line":213,"column":27},"end":{"line":213,"column":28}},"loc":{"start":{"line":213,"column":35},"end":{"line":238,"column":7}},"line":213},"28":{"name":"(anonymous_28)","decl":{"start":{"line":217,"column":10},"end":{"line":217,"column":11}},"loc":{"start":{"line":217,"column":25},"end":{"line":231,"column":11}},"line":217},"29":{"name":"(anonymous_29)","decl":{"start":{"line":232,"column":10},"end":{"line":232,"column":11}},"loc":{"start":{"line":232,"column":24},"end":{"line":236,"column":11}},"line":232},"30":{"name":"(anonymous_30)","decl":{"start":{"line":242,"column":2},"end":{"line":242,"column":3}},"loc":{"start":{"line":242,"column":54},"end":{"line":273,"column":3}},"line":242},"31":{"name":"(anonymous_31)","decl":{"start":{"line":245,"column":23},"end":{"line":245,"column":24}},"loc":{"start":{"line":245,"column":44},"end":{"line":272,"column":5}},"line":245},"32":{"name":"(anonymous_32)","decl":{"start":{"line":246,"column":27},"end":{"line":246,"column":28}},"loc":{"start":{"line":246,"column":35},"end":{"line":271,"column":7}},"line":246},"33":{"name":"(anonymous_33)","decl":{"start":{"line":250,"column":10},"end":{"line":250,"column":11}},"loc":{"start":{"line":250,"column":25},"end":{"line":264,"column":11}},"line":250},"34":{"name":"(anonymous_34)","decl":{"start":{"line":265,"column":10},"end":{"line":265,"column":11}},"loc":{"start":{"line":265,"column":24},"end":{"line":269,"column":11}},"line":265},"35":{"name":"(anonymous_35)","decl":{"start":{"line":275,"column":2},"end":{"line":275,"column":3}},"loc":{"start":{"line":275,"column":46},"end":{"line":306,"column":3}},"line":275},"36":{"name":"(anonymous_36)","decl":{"start":{"line":278,"column":23},"end":{"line":278,"column":24}},"loc":{"start":{"line":278,"column":44},"end":{"line":305,"column":5}},"line":278},"37":{"name":"(anonymous_37)","decl":{"start":{"line":279,"column":27},"end":{"line":279,"column":28}},"loc":{"start":{"line":279,"column":35},"end":{"line":304,"column":7}},"line":279},"38":{"name":"(anonymous_38)","decl":{"start":{"line":283,"column":10},"end":{"line":283,"column":11}},"loc":{"start":{"line":283,"column":25},"end":{"line":297,"column":11}},"line":283},"39":{"name":"(anonymous_39)","decl":{"start":{"line":298,"column":10},"end":{"line":298,"column":11}},"loc":{"start":{"line":298,"column":24},"end":{"line":302,"column":11}},"line":298},"40":{"name":"(anonymous_40)","decl":{"start":{"line":308,"column":2},"end":{"line":308,"column":3}},"loc":{"start":{"line":308,"column":47},"end":{"line":328,"column":3}},"line":308},"41":{"name":"(anonymous_41)","decl":{"start":{"line":311,"column":23},"end":{"line":311,"column":24}},"loc":{"start":{"line":311,"column":44},"end":{"line":327,"column":5}},"line":311},"42":{"name":"(anonymous_42)","decl":{"start":{"line":312,"column":27},"end":{"line":312,"column":28}},"loc":{"start":{"line":312,"column":35},"end":{"line":326,"column":7}},"line":312},"43":{"name":"(anonymous_43)","decl":{"start":{"line":316,"column":10},"end":{"line":316,"column":11}},"loc":{"start":{"line":316,"column":16},"end":{"line":319,"column":11}},"line":316},"44":{"name":"(anonymous_44)","decl":{"start":{"line":320,"column":10},"end":{"line":320,"column":11}},"loc":{"start":{"line":320,"column":24},"end":{"line":324,"column":11}},"line":320},"45":{"name":"(anonymous_45)","decl":{"start":{"line":330,"column":2},"end":{"line":330,"column":3}},"loc":{"start":{"line":330,"column":40},"end":{"line":350,"column":3}},"line":330},"46":{"name":"(anonymous_46)","decl":{"start":{"line":333,"column":23},"end":{"line":333,"column":24}},"loc":{"start":{"line":333,"column":44},"end":{"line":349,"column":5}},"line":333},"47":{"name":"(anonymous_47)","decl":{"start":{"line":334,"column":27},"end":{"line":334,"column":28}},"loc":{"start":{"line":334,"column":35},"end":{"line":348,"column":7}},"line":334},"48":{"name":"(anonymous_48)","decl":{"start":{"line":338,"column":10},"end":{"line":338,"column":11}},"loc":{"start":{"line":338,"column":16},"end":{"line":341,"column":11}},"line":338},"49":{"name":"(anonymous_49)","decl":{"start":{"line":342,"column":10},"end":{"line":342,"column":11}},"loc":{"start":{"line":342,"column":24},"end":{"line":346,"column":11}},"line":342}},"branchMap":{"0":{"loc":{"start":{"line":9,"column":4},"end":{"line":9,"column":24}},"type":"if","locations":[{"start":{"line":9,"column":4},"end":{"line":9,"column":24}},{"start":{},"end":{}}],"line":9},"1":{"loc":{"start":{"line":11,"column":4},"end":{"line":13,"column":5}},"type":"if","locations":[{"start":{"line":11,"column":4},"end":{"line":13,"column":5}},{"start":{},"end":{}}],"line":11},"2":{"loc":{"start":{"line":50,"column":4},"end":{"line":50,"column":62}},"type":"if","locations":[{"start":{"line":50,"column":4},"end":{"line":50,"column":62}},{"start":{},"end":{}}],"line":50},"3":{"loc":{"start":{"line":92,"column":4},"end":{"line":92,"column":62}},"type":"if","locations":[{"start":{"line":92,"column":4},"end":{"line":92,"column":62}},{"start":{},"end":{}}],"line":92},"4":{"loc":{"start":{"line":106,"column":12},"end":{"line":106,"column":34}},"type":"cond-expr","locations":[{"start":{"line":106,"column":29},"end":{"line":106,"column":30}},{"start":{"line":106,"column":33},"end":{"line":106,"column":34}}],"line":106},"5":{"loc":{"start":{"line":108,"column":12},"end":{"line":108,"column":44}},"type":"cond-expr","locations":[{"start":{"line":108,"column":39},"end":{"line":108,"column":40}},{"start":{"line":108,"column":43},"end":{"line":108,"column":44}}],"line":108},"6":{"loc":{"start":{"line":134,"column":4},"end":{"line":134,"column":62}},"type":"if","locations":[{"start":{"line":134,"column":4},"end":{"line":134,"column":62}},{"start":{},"end":{}}],"line":134},"7":{"loc":{"start":{"line":140,"column":4},"end":{"line":143,"column":5}},"type":"if","locations":[{"start":{"line":140,"column":4},"end":{"line":143,"column":5}},{"start":{},"end":{}}],"line":140},"8":{"loc":{"start":{"line":144,"column":4},"end":{"line":147,"column":5}},"type":"if","locations":[{"start":{"line":144,"column":4},"end":{"line":147,"column":5}},{"start":{},"end":{}}],"line":144},"9":{"loc":{"start":{"line":148,"column":4},"end":{"line":151,"column":5}},"type":"if","locations":[{"start":{"line":148,"column":4},"end":{"line":151,"column":5}},{"start":{},"end":{}}],"line":148},"10":{"loc":{"start":{"line":150,"column":24},"end":{"line":150,"column":48}},"type":"cond-expr","locations":[{"start":{"line":150,"column":43},"end":{"line":150,"column":44}},{"start":{"line":150,"column":47},"end":{"line":150,"column":48}}],"line":150},"11":{"loc":{"start":{"line":152,"column":4},"end":{"line":155,"column":5}},"type":"if","locations":[{"start":{"line":152,"column":4},"end":{"line":155,"column":5}},{"start":{},"end":{}}],"line":152},"12":{"loc":{"start":{"line":156,"column":4},"end":{"line":159,"column":5}},"type":"if","locations":[{"start":{"line":156,"column":4},"end":{"line":159,"column":5}},{"start":{},"end":{}}],"line":156},"13":{"loc":{"start":{"line":158,"column":24},"end":{"line":158,"column":58}},"type":"cond-expr","locations":[{"start":{"line":158,"column":53},"end":{"line":158,"column":54}},{"start":{"line":158,"column":57},"end":{"line":158,"column":58}}],"line":158},"14":{"loc":{"start":{"line":176,"column":16},"end":{"line":190,"column":17}},"type":"if","locations":[{"start":{"line":176,"column":16},"end":{"line":190,"column":17}},{"start":{"line":188,"column":23},"end":{"line":190,"column":17}}],"line":176},"15":{"loc":{"start":{"line":210,"column":4},"end":{"line":210,"column":62}},"type":"if","locations":[{"start":{"line":210,"column":4},"end":{"line":210,"column":62}},{"start":{},"end":{}}],"line":210},"16":{"loc":{"start":{"line":218,"column":12},"end":{"line":230,"column":13}},"type":"if","locations":[{"start":{"line":218,"column":12},"end":{"line":230,"column":13}},{"start":{"line":228,"column":19},"end":{"line":230,"column":13}}],"line":218},"17":{"loc":{"start":{"line":243,"column":4},"end":{"line":243,"column":62}},"type":"if","locations":[{"start":{"line":243,"column":4},"end":{"line":243,"column":62}},{"start":{},"end":{}}],"line":243},"18":{"loc":{"start":{"line":251,"column":12},"end":{"line":263,"column":13}},"type":"if","locations":[{"start":{"line":251,"column":12},"end":{"line":263,"column":13}},{"start":{"line":261,"column":19},"end":{"line":263,"column":13}}],"line":251},"19":{"loc":{"start":{"line":276,"column":4},"end":{"line":276,"column":62}},"type":"if","locations":[{"start":{"line":276,"column":4},"end":{"line":276,"column":62}},{"start":{},"end":{}}],"line":276},"20":{"loc":{"start":{"line":309,"column":4},"end":{"line":309,"column":62}},"type":"if","locations":[{"start":{"line":309,"column":4},"end":{"line":309,"column":62}},{"start":{},"end":{}}],"line":309},"21":{"loc":{"start":{"line":331,"column":4},"end":{"line":331,"column":62}},"type":"if","locations":[{"start":{"line":331,"column":4},"end":{"line":331,"column":62}},{"start":{},"end":{}}],"line":331}},"s":{"0":1,"1":1,"2":12,"3":0,"4":12,"5":0,"6":12,"7":12,"8":12,"9":12,"10":12,"11":12,"12":12,"13":12,"14":12,"15":12,"16":0,"17":0,"18":0,"19":0,"20":0,"21":0,"22":0,"23":0,"24":12,"25":0,"26":12,"27":12,"28":12,"29":12,"30":12,"31":12,"32":0,"33":0,"34":0,"35":0,"36":0,"37":0,"38":1,"39":0,"40":1,"41":1,"42":1,"43":1,"44":1,"45":1,"46":1,"47":1,"48":0,"49":0,"50":0,"51":2,"52":0,"53":2,"54":2,"55":2,"56":2,"57":0,"58":0,"59":2,"60":1,"61":1,"62":2,"63":2,"64":2,"65":2,"66":0,"67":0,"68":2,"69":0,"70":0,"71":2,"72":2,"73":2,"74":2,"75":2,"76":2,"77":2,"78":2,"79":1,"80":1,"81":1,"82":1,"83":1,"84":0,"85":0,"86":0,"87":0,"88":0,"89":0,"90":2,"91":0,"92":2,"93":2,"94":2,"95":2,"96":1,"97":1,"98":1,"99":0,"100":0,"101":0,"102":2,"103":0,"104":2,"105":2,"106":2,"107":2,"108":1,"109":1,"110":1,"111":0,"112":0,"113":0,"114":2,"115":0,"116":2,"117":2,"118":2,"119":2,"120":2,"121":2,"122":2,"123":2,"124":2,"125":0,"126":0,"127":0,"128":1,"129":0,"130":1,"131":1,"132":1,"133":1,"134":1,"135":0,"136":0,"137":0,"138":1,"139":0,"140":1,"141":1,"142":1,"143":1,"144":1,"145":0,"146":0,"147":0,"148":1},"f":{"0":12,"1":12,"2":12,"3":12,"4":12,"5":0,"6":12,"7":12,"8":12,"9":12,"10":12,"11":0,"12":0,"13":1,"14":1,"15":1,"16":1,"17":0,"18":2,"19":2,"20":2,"21":2,"22":2,"23":0,"24":0,"25":2,"26":2,"27":2,"28":2,"29":0,"30":2,"31":2,"32":2,"33":2,"34":0,"35":2,"36":2,"37":2,"38":2,"39":0,"40":1,"41":1,"42":1,"43":1,"44":0,"45":1,"46":1,"47":1,"48":1,"49":0},"b":{"0":[0,12],"1":[0,12],"2":[0,12],"3":[0,1],"4":[0,1],"5":[0,1],"6":[0,2],"7":[0,2],"8":[1,1],"9":[2,0],"10":[2,0],"11":[0,2],"12":[0,2],"13":[0,0],"14":[1,1],"15":[0,2],"16":[1,1],"17":[0,2],"18":[1,1],"19":[0,2],"20":[0,1],"21":[0,1]},"_coverageSchema":"1a1c01bbd47fc00a2c39e90264f33305004495a9","hash":"c24e9cc761dc62e8d6d136864abcd61113609d07"}
}
