TN:
SF:AnimatedEmoji.tsx
FN:38,(anonymous_0)
FN:62,(anonymous_1)
FN:64,(anonymous_2)
FN:80,(anonymous_3)
FN:93,(anonymous_4)
FN:100,(anonymous_5)
FNF:6
FNH:4
FNDA:24,(anonymous_0)
FNDA:24,(anonymous_1)
FNDA:14,(anonymous_2)
FNDA:0,(anonymous_3)
FNDA:10,(anonymous_4)
FNDA:0,(anonymous_5)
DA:24,1
DA:38,1
DA:44,24
DA:45,24
DA:46,24
DA:49,24
DA:51,24
DA:56,24
DA:60,24
DA:62,24
DA:64,24
DA:66,14
DA:72,14
DA:79,14
DA:80,14
DA:81,0
DA:85,14
DA:91,24
DA:92,10
DA:93,10
DA:95,14
DA:100,24
DA:106,24
DA:114,1
LF:24
LH:23
BRDA:41,0,0,11
BRDA:49,1,0,10
BRDA:49,1,1,14
BRDA:51,2,0,21
BRDA:51,2,1,3
BRDA:51,3,0,1
BRDA:51,3,1,2
BRDA:56,4,0,10
BRDA:56,4,1,14
BRDA:79,5,0,14
BRDA:79,5,1,0
BRDA:91,6,0,10
BRDA:91,6,1,14
BRF:13
BRH:12
end_of_record
TN:
SF:App.tsx
FN:30,(anonymous_0)
FN:42,(anonymous_1)
FN:65,(anonymous_2)
FN:82,PottyTimerApp
FN:105,(anonymous_4)
FN:110,(anonymous_5)
FN:119,(anonymous_6)
FN:124,(anonymous_7)
FN:128,(anonymous_8)
FN:133,(anonymous_9)
FN:137,(anonymous_10)
FN:144,(anonymous_11)
FN:147,(anonymous_12)
FN:161,(anonymous_13)
FN:169,triggerEmoji
FN:171,(anonymous_15)
FN:177,triggerNotificationMode
FN:184,(anonymous_17)
FN:201,(anonymous_18)
FN:258,App
FNF:20
FNH:18
FNDA:0,(anonymous_0)
FNDA:13,(anonymous_1)
FNDA:14,(anonymous_2)
FNDA:38,PottyTimerApp
FNDA:14,(anonymous_4)
FNDA:1,(anonymous_5)
FNDA:14,(anonymous_6)
FNDA:14,(anonymous_7)
FNDA:1,(anonymous_8)
FNDA:4,(anonymous_9)
FNDA:14,(anonymous_10)
FNDA:20,(anonymous_11)
FNDA:0,(anonymous_12)
FNDA:20,(anonymous_13)
FNDA:16,triggerEmoji
FNDA:5,(anonymous_15)
FNDA:5,triggerNotificationMode
FNDA:4,(anonymous_17)
FNDA:38,(anonymous_18)
FNDA:14,App
DA:29,1
DA:30,0
DA:42,1
DA:44,13
DA:45,13
DA:59,13
DA:65,1
DA:66,14
DA:67,0
DA:68,0
DA:70,14
DA:71,14
DA:72,1
DA:74,1
DA:75,1
DA:77,13
DA:79,13
DA:86,38
DA:87,38
DA:88,38
DA:89,38
DA:90,38
DA:91,38
DA:94,38
DA:105,38
DA:107,14
DA:110,14
DA:111,1
DA:115,0
DA:117,1
DA:119,14
DA:120,14
DA:124,38
DA:126,14
DA:128,14
DA:129,1
DA:133,14
DA:134,4
DA:137,14
DA:138,14
DA:139,14
DA:144,38
DA:145,20
DA:146,4
DA:147,4
DA:148,0
DA:149,0
DA:151,0
DA:154,16
DA:155,2
DA:156,2
DA:158,16
DA:161,20
DA:162,20
DA:163,4
DA:170,16
DA:171,16
DA:173,16
DA:178,5
DA:180,5
DA:184,38
DA:185,4
DA:187,2
DA:189,2
DA:192,2
DA:193,2
DA:198,38
DA:201,38
DA:202,38
DA:204,4
DA:205,4
DA:207,4
DA:208,32
DA:218,4
DA:221,38
DA:259,14
DA:266,1
LF:77
LH:70
BRDA:66,0,0,0
BRDA:66,0,1,14
BRDA:71,1,0,1
BRDA:71,1,1,13
BRDA:111,2,0,0
BRDA:111,2,1,1
BRDA:112,3,0,1
BRDA:112,3,1,0
BRDA:145,4,0,4
BRDA:145,4,1,16
BRDA:154,5,0,2
BRDA:154,5,1,14
BRDA:162,6,0,4
BRDA:162,6,1,16
BRDA:185,7,0,2
BRDA:185,7,1,2
BRDA:198,8,0,2
BRDA:198,8,1,36
BRDA:198,9,0,34
BRDA:198,9,1,2
BRDA:202,10,0,34
BRDA:202,10,1,4
BRDA:229,11,0,36
BRDA:229,11,1,2
BRDA:235,12,0,4
BRDA:235,12,1,34
BRDA:241,13,0,38
BRDA:241,13,1,16
BRDA:241,13,2,16
BRDA:249,14,0,4
BRDA:249,14,1,34
BRF:31
BRH:28
end_of_record
