TN:
SF:AnimatedEmoji.tsx
FN:44,(anonymous_0)
FN:64,(anonymous_1)
FN:92,(anonymous_2)
FN:94,(anonymous_3)
FN:126,(anonymous_4)
FN:139,(anonymous_5)
FN:146,(anonymous_6)
FNF:7
FNH:0
FNDA:0,(anonymous_0)
FNDA:0,(anonymous_1)
FNDA:0,(anonymous_2)
FNDA:0,(anonymous_3)
FNDA:0,(anonymous_4)
FNDA:0,(anonymous_5)
FNDA:0,(anonymous_6)
DA:24,0
DA:44,0
DA:53,0
DA:54,0
DA:55,0
DA:58,0
DA:60,0
DA:64,0
DA:65,0
DA:66,0
DA:69,0
DA:70,0
DA:71,0
DA:72,0
DA:75,0
DA:76,0
DA:77,0
DA:79,0
DA:88,0
DA:90,0
DA:92,0
DA:94,0
DA:97,0
DA:100,0
DA:101,0
DA:102,0
DA:104,0
DA:108,0
DA:112,0
DA:118,0
DA:125,0
DA:126,0
DA:127,0
DA:131,0
DA:137,0
DA:138,0
DA:139,0
DA:141,0
DA:146,0
DA:152,0
DA:160,0
LF:41
LH:0
BRDA:47,0,0,0
BRDA:48,1,0,0
BRDA:49,2,0,0
BRDA:50,3,0,0
BRDA:58,4,0,0
BRDA:58,4,1,0
BRDA:60,5,0,0
BRDA:60,5,1,0
BRDA:60,6,0,0
BRDA:60,6,1,0
BRDA:65,7,0,0
BRDA:65,7,1,0
BRDA:71,8,0,0
BRDA:71,8,1,0
BRDA:72,9,0,0
BRDA:72,9,1,0
BRDA:76,10,0,0
BRDA:76,10,1,0
BRDA:100,11,0,0
BRDA:100,11,1,0
BRDA:104,12,0,0
BRDA:104,12,1,0
BRDA:125,13,0,0
BRDA:125,13,1,0
BRDA:137,14,0,0
BRDA:137,14,1,0
BRF:26
BRH:0
end_of_record
TN:
SF:CountdownTimer.tsx
FN:18,CountdownTimer
FN:31,(anonymous_1)
FN:44,(anonymous_2)
FN:51,(anonymous_3)
FN:52,(anonymous_4)
FN:79,(anonymous_5)
FN:83,(anonymous_6)
FN:91,(anonymous_7)
FN:107,(anonymous_8)
FN:111,(anonymous_9)
FN:119,(anonymous_10)
FN:130,(anonymous_11)
FN:148,(anonymous_12)
FNF:13
FNH:0
FNDA:0,CountdownTimer
FNDA:0,(anonymous_1)
FNDA:0,(anonymous_2)
FNDA:0,(anonymous_3)
FNDA:0,(anonymous_4)
FNDA:0,(anonymous_5)
FNDA:0,(anonymous_6)
FNDA:0,(anonymous_7)
FNDA:0,(anonymous_8)
FNDA:0,(anonymous_9)
FNDA:0,(anonymous_10)
FNDA:0,(anonymous_11)
FNDA:0,(anonymous_12)
DA:24,0
DA:25,0
DA:26,0
DA:27,0
DA:28,0
DA:31,0
DA:32,0
DA:33,0
DA:34,0
DA:40,0
DA:41,0
DA:44,0
DA:45,0
DA:46,0
DA:47,0
DA:51,0
DA:52,0
DA:53,0
DA:58,0
DA:59,0
DA:60,0
DA:61,0
DA:65,0
DA:67,0
DA:68,0
DA:71,0
DA:72,0
DA:74,0
DA:76,0
DA:79,0
DA:83,0
DA:84,0
DA:87,0
DA:88,0
DA:91,0
DA:92,0
DA:93,0
DA:94,0
DA:96,0
DA:98,0
DA:99,0
DA:100,0
DA:102,0
DA:107,0
DA:111,0
DA:112,0
DA:119,0
DA:120,0
DA:130,0
DA:131,0
DA:133,0
DA:145,0
DA:148,0
DA:155,0
LF:54
LH:0
BRDA:21,0,0,0
BRDA:53,1,0,0
BRDA:53,1,1,0
BRDA:54,2,0,0
BRDA:54,2,1,0
BRDA:58,3,0,0
BRDA:58,3,1,0
BRDA:58,4,0,0
BRDA:58,4,1,0
BRDA:58,4,2,0
BRDA:67,5,0,0
BRDA:67,5,1,0
BRDA:67,6,0,0
BRDA:67,6,1,0
BRDA:72,7,0,0
BRDA:72,7,1,0
BRDA:84,8,0,0
BRDA:84,8,1,0
BRDA:84,9,0,0
BRDA:84,9,1,0
BRDA:87,10,0,0
BRDA:87,10,1,0
BRDA:92,11,0,0
BRDA:92,11,1,0
BRDA:98,12,0,0
BRDA:98,12,1,0
BRDA:99,13,0,0
BRDA:99,13,1,0
BRDA:137,14,0,0
BRDA:137,14,1,0
BRDA:140,15,0,0
BRDA:140,15,1,0
BRF:32
BRH:0
end_of_record
TN:
SF:app/index.tsx
FN:42,(anonymous_0)
FN:54,(anonymous_1)
FN:81,(anonymous_2)
FN:116,(anonymous_3)
FN:151,PottyTimerScreen
FN:201,(anonymous_5)
FN:211,(anonymous_6)
FN:227,(anonymous_7)
FN:232,(anonymous_8)
FN:236,(anonymous_9)
FN:243,(anonymous_10)
FN:248,(anonymous_11)
FN:257,(anonymous_12)
FN:265,(anonymous_13)
FN:282,(anonymous_14)
FN:290,(anonymous_15)
FN:296,triggerEmoji
FN:298,(anonymous_17)
FN:304,triggerNotificationMode
FN:313,(anonymous_19)
FN:327,(anonymous_20)
FN:352,(anonymous_21)
FN:361,(anonymous_22)
FN:373,(anonymous_23)
FN:387,(anonymous_24)
FN:396,(anonymous_25)
FN:420,(anonymous_26)
FN:427,(anonymous_27)
FN:434,(anonymous_28)
FN:441,(anonymous_29)
FN:482,(anonymous_30)
FN:505,(anonymous_31)
FN:538,(anonymous_32)
FNF:33
FNH:0
FNDA:0,(anonymous_0)
FNDA:0,(anonymous_1)
FNDA:0,(anonymous_2)
FNDA:0,(anonymous_3)
FNDA:0,PottyTimerScreen
FNDA:0,(anonymous_5)
FNDA:0,(anonymous_6)
FNDA:0,(anonymous_7)
FNDA:0,(anonymous_8)
FNDA:0,(anonymous_9)
FNDA:0,(anonymous_10)
FNDA:0,(anonymous_11)
FNDA:0,(anonymous_12)
FNDA:0,(anonymous_13)
FNDA:0,(anonymous_14)
FNDA:0,(anonymous_15)
FNDA:0,triggerEmoji
FNDA:0,(anonymous_17)
FNDA:0,triggerNotificationMode
FNDA:0,(anonymous_19)
FNDA:0,(anonymous_20)
FNDA:0,(anonymous_21)
FNDA:0,(anonymous_22)
FNDA:0,(anonymous_23)
FNDA:0,(anonymous_24)
FNDA:0,(anonymous_25)
FNDA:0,(anonymous_26)
FNDA:0,(anonymous_27)
FNDA:0,(anonymous_28)
FNDA:0,(anonymous_29)
FNDA:0,(anonymous_30)
FNDA:0,(anonymous_31)
FNDA:0,(anonymous_32)
DA:35,0
DA:36,0
DA:37,0
DA:39,0
DA:41,0
DA:42,0
DA:54,0
DA:55,0
DA:56,0
DA:57,0
DA:58,0
DA:60,0
DA:72,0
DA:74,0
DA:81,0
DA:82,0
DA:83,0
DA:84,0
DA:87,0
DA:90,0
DA:94,0
DA:107,0
DA:109,0
DA:116,0
DA:117,0
DA:119,0
DA:120,0
DA:121,0
DA:122,0
DA:125,0
DA:126,0
DA:127,0
DA:128,0
DA:129,0
DA:131,0
DA:132,0
DA:135,0
DA:138,0
DA:139,0
DA:140,0
DA:142,0
DA:143,0
DA:147,0
DA:148,0
DA:162,0
DA:164,0
DA:165,0
DA:166,0
DA:167,0
DA:168,0
DA:169,0
DA:170,0
DA:171,0
DA:172,0
DA:173,0
DA:176,0
DA:177,0
DA:180,0
DA:183,0
DA:195,0
DA:201,0
DA:203,0
DA:206,0
DA:207,0
DA:211,0
DA:212,0
DA:217,0
DA:218,0
DA:220,0
DA:223,0
DA:227,0
DA:228,0
DA:232,0
DA:234,0
DA:236,0
DA:237,0
DA:241,0
DA:242,0
DA:243,0
DA:244,0
DA:248,0
DA:249,0
DA:250,0
DA:251,0
DA:257,0
DA:258,0
DA:260,0
DA:261,0
DA:262,0
DA:264,0
DA:265,0
DA:266,0
DA:267,0
DA:269,0
DA:273,0
DA:275,0
DA:276,0
DA:277,0
DA:279,0
DA:282,0
DA:283,0
DA:284,0
DA:290,0
DA:292,0
DA:297,0
DA:298,0
DA:300,0
DA:305,0
DA:306,0
DA:308,0
DA:313,0
DA:314,0
DA:316,0
DA:318,0
DA:321,0
DA:322,0
DA:327,0
DA:329,0
DA:330,0
DA:331,0
DA:333,0
DA:334,0
DA:337,0
DA:338,0
DA:341,0
DA:343,0
DA:345,0
DA:346,0
DA:348,0
DA:352,0
DA:353,0
DA:358,0
DA:361,0
DA:362,0
DA:363,0
DA:365,0
DA:367,0
DA:369,0
DA:373,0
DA:374,0
DA:375,0
DA:377,0
DA:378,0
DA:379,0
DA:382,0
DA:383,0
DA:387,0
DA:388,0
DA:389,0
DA:390,0
DA:396,0
DA:397,0
DA:399,0
DA:400,0
DA:402,0
DA:403,0
DA:416,0
DA:420,0
DA:421,0
DA:427,0
DA:435,0
DA:441,0
DA:482,0
DA:491,0
DA:492,0
DA:499,0
DA:500,0
DA:505,0
DA:512,0
DA:538,0
DA:683,0
LF:171
LH:0
BRDA:35,0,0,0
BRDA:35,0,1,0
BRDA:119,1,0,0
BRDA:119,1,1,0
BRDA:127,2,0,0
BRDA:127,2,1,0
BRDA:138,3,0,0
BRDA:138,3,1,0
BRDA:206,4,0,0
BRDA:206,4,1,0
BRDA:206,5,0,0
BRDA:206,5,1,0
BRDA:212,6,0,0
BRDA:212,6,1,0
BRDA:213,7,0,0
BRDA:213,7,1,0
BRDA:217,8,0,0
BRDA:217,8,1,0
BRDA:242,9,0,0
BRDA:242,9,1,0
BRDA:250,10,0,0
BRDA:250,10,1,0
BRDA:258,11,0,0
BRDA:258,11,1,0
BRDA:275,12,0,0
BRDA:275,12,1,0
BRDA:283,13,0,0
BRDA:283,13,1,0
BRDA:305,14,0,0
BRDA:305,14,1,0
BRDA:314,15,0,0
BRDA:314,15,1,0
BRDA:329,16,0,0
BRDA:329,16,1,0
BRDA:343,17,0,0
BRDA:343,17,1,0
BRDA:358,18,0,0
BRDA:358,18,1,0
BRDA:358,19,0,0
BRDA:358,19,1,0
BRDA:362,20,0,0
BRDA:362,20,1,0
BRDA:374,21,0,0
BRDA:374,21,1,0
BRDA:375,22,0,0
BRDA:375,22,1,0
BRDA:377,23,0,0
BRDA:377,23,1,0
BRDA:377,24,0,0
BRDA:377,24,1,0
BRDA:377,24,2,0
BRDA:377,24,3,0
BRDA:397,25,0,0
BRDA:397,25,1,0
BRDA:439,26,0,0
BRDA:439,26,1,0
BRDA:445,27,0,0
BRDA:445,27,1,0
BRDA:491,28,0,0
BRDA:491,28,1,0
BRDA:499,29,0,0
BRDA:499,29,1,0
BRDA:520,30,0,0
BRDA:520,30,1,0
BRDA:526,31,0,0
BRDA:526,31,1,0
BRDA:528,32,0,0
BRDA:528,32,1,0
BRDA:546,33,0,0
BRDA:546,33,1,0
BRDA:548,34,0,0
BRDA:548,34,1,0
BRDA:561,35,0,0
BRDA:561,35,1,0
BRDA:563,36,0,0
BRDA:563,36,1,0
BRDA:640,37,0,0
BRDA:640,37,1,0
BRDA:648,38,0,0
BRDA:648,38,1,0
BRDA:651,39,0,0
BRDA:651,39,1,0
BRDA:659,40,0,0
BRDA:659,40,1,0
BRDA:659,40,2,0
BRDA:671,41,0,0
BRDA:671,41,1,0
BRF:87
BRH:0
end_of_record
TN:
SF:app/api/timers+api.ts
FN:3,GET
FN:25,POST
FNF:2
FNH:2
FNDA:8,GET
FNDA:28,POST
DA:4,8
DA:5,8
DA:7,4
DA:13,4
DA:14,4
DA:26,28
DA:27,28
DA:28,26
DA:30,26
DA:31,10
DA:40,16
DA:41,16
DA:49,12
DA:55,6
DA:56,6
LF:15
LH:15
BRDA:18,0,0,2
BRDA:18,0,1,2
BRDA:30,1,0,10
BRDA:30,1,1,16
BRDA:30,2,0,26
BRDA:30,2,1,20
BRDA:30,2,2,18
BRDA:60,3,0,2
BRDA:60,3,1,4
BRF:9
BRH:9
end_of_record
TN:
SF:app/api/timers/[id]+api.ts
FN:3,GET
FN:37,PUT
FN:154,DELETE
FNF:3
FNH:3
FNDA:8,GET
FNDA:20,PUT
FNDA:6,DELETE
DA:7,8
DA:8,8
DA:10,6
DA:11,4
DA:20,2
DA:25,2
DA:26,2
DA:41,20
DA:43,20
DA:44,2
DA:53,18
DA:54,18
DA:56,18
DA:57,18
DA:58,2
DA:68,16
DA:70,16
DA:72,4
DA:77,2
DA:78,2
DA:81,2
DA:82,2
DA:83,2
DA:84,2
DA:86,2
DA:91,0
DA:93,2
DA:94,2
DA:97,2
DA:103,2
DA:104,2
DA:107,6
DA:108,4
DA:110,4
DA:111,2
DA:120,2
DA:125,2
DA:126,2
DA:130,2
DA:131,2
DA:132,2
DA:133,2
DA:136,10
DA:142,4
DA:143,4
DA:158,6
DA:159,6
DA:160,6
DA:161,2
DA:170,4
DA:172,2
DA:177,2
DA:178,2
LF:53
LH:52
BRDA:10,0,0,4
BRDA:10,0,1,2
BRDA:30,1,0,2
BRDA:30,1,1,0
BRDA:43,2,0,2
BRDA:43,2,1,18
BRDA:43,3,0,20
BRDA:43,3,1,18
BRDA:57,4,0,2
BRDA:57,4,1,16
BRDA:70,5,0,4
BRDA:70,5,1,2
BRDA:70,5,2,2
BRDA:70,5,3,6
BRDA:70,5,4,2
BRDA:81,6,0,2
BRDA:81,6,1,0
BRDA:110,7,0,2
BRDA:110,7,1,2
BRDA:110,8,0,4
BRDA:110,8,1,4
BRDA:110,8,2,4
BRDA:122,9,0,0
BRDA:122,9,1,2
BRDA:123,10,0,0
BRDA:123,10,1,2
BRDA:147,11,0,2
BRDA:147,11,1,2
BRDA:160,12,0,2
BRDA:160,12,1,4
BRDA:182,13,0,2
BRDA:182,13,1,0
BRF:32
BRH:27
end_of_record
TN:
SF:app/api/timers/current+api.ts
FN:3,GET
FNF:1
FNH:0
FNDA:0,GET
DA:4,0
DA:5,0
DA:7,0
DA:8,0
DA:18,0
DA:19,0
DA:20,0
DA:21,0
DA:24,0
DA:30,0
DA:31,0
DA:37,0
DA:48,0
DA:54,0
DA:59,0
DA:60,0
LF:16
LH:0
BRDA:7,0,0,0
BRDA:7,0,1,0
BRDA:18,1,0,0
BRDA:18,1,1,0
BRDA:30,2,0,0
BRDA:30,2,1,0
BRDA:30,3,0,0
BRDA:30,3,1,0
BRDA:64,4,0,0
BRDA:64,4,1,0
BRF:10
BRH:0
end_of_record
TN:
SF:app/api/timers/[id]/duration+api.ts
FN:3,PUT
FNF:1
FNH:0
FNDA:0,PUT
DA:7,0
DA:8,0
DA:9,0
DA:10,0
DA:19,0
DA:20,0
DA:22,0
DA:23,0
DA:32,0
DA:38,0
DA:44,0
DA:45,0
LF:12
LH:0
BRDA:9,0,0,0
BRDA:9,0,1,0
BRDA:22,1,0,0
BRDA:22,1,1,0
BRDA:22,2,0,0
BRDA:22,2,1,0
BRDA:22,2,2,0
BRDA:34,3,0,0
BRDA:34,3,1,0
BRDA:35,4,0,0
BRDA:35,4,1,0
BRDA:49,5,0,0
BRDA:49,5,1,0
BRF:13
BRH:0
end_of_record
TN:
SF:app/api/timers/[id]/pause+api.ts
FN:3,PUT
FNF:1
FNH:0
FNDA:0,PUT
DA:7,0
DA:8,0
DA:9,0
DA:10,0
DA:20,0
DA:21,0
DA:22,0
DA:23,0
DA:25,0
DA:30,0
DA:33,0
DA:39,0
DA:40,0
LF:13
LH:0
BRDA:9,0,0,0
BRDA:9,0,1,0
BRDA:20,1,0,0
BRDA:20,1,1,0
BRDA:44,2,0,0
BRDA:44,2,1,0
BRF:6
BRH:0
end_of_record
TN:
SF:app/api/timers/[id]/reset+api.ts
FN:3,PUT
FNF:1
FNH:0
FNDA:0,PUT
DA:7,0
DA:8,0
DA:9,0
DA:10,0
DA:19,0
DA:26,0
DA:32,0
DA:33,0
LF:8
LH:0
BRDA:9,0,0,0
BRDA:9,0,1,0
BRDA:37,1,0,0
BRDA:37,1,1,0
BRF:4
BRH:0
end_of_record
TN:
SF:app/api/timers/[id]/start+api.ts
FN:3,PUT
FNF:1
FNH:0
FNDA:0,PUT
DA:7,0
DA:8,0
DA:9,0
DA:10,0
DA:19,0
DA:25,0
DA:31,0
DA:32,0
LF:8
LH:0
BRDA:9,0,0,0
BRDA:9,0,1,0
BRDA:36,1,0,0
BRDA:36,1,1,0
BRF:4
BRH:0
end_of_record
TN:
SF:contexts/TimerContext.tsx
FN:43,(anonymous_0)
FN:76,TimerProvider
FN:84,(anonymous_2)
FN:85,(anonymous_3)
FN:98,(anonymous_4)
FN:109,(anonymous_5)
FN:112,(anonymous_6)
FN:130,(anonymous_7)
FN:134,(anonymous_8)
FN:138,(anonymous_9)
FN:160,(anonymous_10)
FN:182,(anonymous_11)
FN:204,(anonymous_12)
FN:228,(anonymous_13)
FN:250,(anonymous_14)
FN:283,(anonymous_15)
FN:312,useTimer
FNF:17
FNH:0
FNDA:0,(anonymous_0)
FNDA:0,TimerProvider
FNDA:0,(anonymous_2)
FNDA:0,(anonymous_3)
FNDA:0,(anonymous_4)
FNDA:0,(anonymous_5)
FNDA:0,(anonymous_6)
FNDA:0,(anonymous_7)
FNDA:0,(anonymous_8)
FNDA:0,(anonymous_9)
FNDA:0,(anonymous_10)
FNDA:0,(anonymous_11)
FNDA:0,(anonymous_12)
FNDA:0,(anonymous_13)
FNDA:0,(anonymous_14)
FNDA:0,(anonymous_15)
FNDA:0,useTimer
DA:43,0
DA:47,0
DA:49,0
DA:51,0
DA:55,0
DA:62,0
DA:64,0
DA:66,0
DA:68,0
DA:73,0
DA:77,0
DA:84,0
DA:85,0
DA:86,0
DA:87,0
DA:88,0
DA:90,0
DA:94,0
DA:98,0
DA:99,0
DA:101,0
DA:102,0
DA:103,0
DA:105,0
DA:109,0
DA:110,0
DA:112,0
DA:113,0
DA:114,0
DA:117,0
DA:118,0
DA:120,0
DA:130,0
DA:134,0
DA:135,0
DA:138,0
DA:139,0
DA:140,0
DA:141,0
DA:148,0
DA:150,0
DA:156,0
DA:160,0
DA:161,0
DA:163,0
DA:164,0
DA:165,0
DA:170,0
DA:172,0
DA:178,0
DA:182,0
DA:183,0
DA:185,0
DA:186,0
DA:187,0
DA:188,0
DA:192,0
DA:194,0
DA:200,0
DA:204,0
DA:205,0
DA:207,0
DA:208,0
DA:209,0
DA:215,0
DA:216,0
DA:218,0
DA:224,0
DA:228,0
DA:229,0
DA:231,0
DA:232,0
DA:233,0
DA:238,0
DA:240,0
DA:246,0
DA:250,0
DA:251,0
DA:252,0
DA:253,0
DA:254,0
DA:256,0
DA:257,0
DA:258,0
DA:261,0
DA:262,0
DA:265,0
DA:267,0
DA:268,0
DA:270,0
DA:279,0
DA:283,0
DA:284,0
DA:286,0
DA:287,0
DA:293,0
DA:306,0
DA:313,0
DA:314,0
DA:315,0
DA:317,0
LF:101
LH:0
BRDA:47,0,0,0
BRDA:47,0,1,0
BRDA:47,0,2,0
BRDA:47,0,3,0
BRDA:47,0,4,0
BRDA:47,0,5,0
BRDA:47,0,6,0
BRDA:51,1,0,0
BRDA:51,1,1,0
BRDA:55,2,0,0
BRDA:55,2,1,0
BRDA:99,3,0,0
BRDA:99,3,1,0
BRDA:110,4,0,0
BRDA:110,4,1,0
BRDA:117,5,0,0
BRDA:117,5,1,0
BRDA:117,6,0,0
BRDA:117,6,1,0
BRDA:153,7,0,0
BRDA:153,7,1,0
BRDA:161,8,0,0
BRDA:161,8,1,0
BRDA:175,9,0,0
BRDA:175,9,1,0
BRDA:183,10,0,0
BRDA:183,10,1,0
BRDA:197,11,0,0
BRDA:197,11,1,0
BRDA:205,12,0,0
BRDA:205,12,1,0
BRDA:221,13,0,0
BRDA:221,13,1,0
BRDA:229,14,0,0
BRDA:229,14,1,0
BRDA:235,15,0,0
BRDA:235,15,1,0
BRDA:236,16,0,0
BRDA:236,16,1,0
BRDA:243,17,0,0
BRDA:243,17,1,0
BRDA:254,18,0,0
BRDA:254,18,1,0
BRDA:273,19,0,0
BRDA:273,19,1,0
BRDA:286,20,0,0
BRDA:286,20,1,0
BRDA:314,21,0,0
BRDA:314,21,1,0
BRF:49
BRH:0
end_of_record
TN:
SF:hooks/useTimerAPI.ts
FN:5,(anonymous_0)
FN:23,useTimerAPI
FN:24,(anonymous_2)
FN:59,(anonymous_3)
FN:67,(anonymous_4)
FN:80,(anonymous_5)
FN:87,(anonymous_6)
FN:94,(anonymous_7)
FN:101,(anonymous_8)
FN:112,(anonymous_9)
FN:118,(anonymous_10)
FNF:11
FNH:0
FNDA:0,(anonymous_0)
FNDA:0,useTimerAPI
FNDA:0,(anonymous_2)
FNDA:0,(anonymous_3)
FNDA:0,(anonymous_4)
FNDA:0,(anonymous_5)
FNDA:0,(anonymous_6)
FNDA:0,(anonymous_7)
FNDA:0,(anonymous_8)
FNDA:0,(anonymous_9)
FNDA:0,(anonymous_10)
DA:5,0
DA:6,0
DA:8,0
DA:11,0
DA:13,0
DA:16,0
DA:21,0
DA:24,0
DA:28,0
DA:30,0
DA:34,0
DA:36,0
DA:44,0
DA:45,0
DA:46,0
DA:47,0
DA:50,0
DA:51,0
DA:52,0
DA:54,0
DA:55,0
DA:59,0
DA:60,0
DA:64,0
DA:67,0
DA:68,0
DA:69,0
DA:70,0
DA:73,0
DA:74,0
DA:76,0
DA:80,0
DA:81,0
DA:84,0
DA:87,0
DA:88,0
DA:91,0
DA:94,0
DA:95,0
DA:98,0
DA:101,0
DA:105,0
DA:109,0
DA:112,0
DA:113,0
DA:118,0
DA:119,0
DA:120,0
DA:123,0
LF:49
LH:0
BRDA:6,0,0,0
BRDA:6,0,1,0
BRDA:11,1,0,0
BRDA:11,1,1,0
BRDA:26,2,0,0
BRDA:30,3,0,0
BRDA:30,3,1,0
BRDA:44,4,0,0
BRDA:44,4,1,0
BRDA:70,5,0,0
BRDA:70,5,1,0
BRDA:73,6,0,0
BRDA:73,6,1,0
BRDA:73,7,0,0
BRDA:73,7,1,0
BRF:15
BRH:0
end_of_record
TN:
SF:services/database.ts
FN:8,(anonymous_0)
FN:20,(anonymous_1)
FN:25,(anonymous_2)
FN:26,(anonymous_3)
FN:30,(anonymous_4)
FN:34,(anonymous_5)
FN:49,(anonymous_6)
FN:52,(anonymous_7)
FN:53,(anonymous_8)
FN:66,(anonymous_9)
FN:70,(anonymous_10)
FN:74,(anonymous_11)
FN:81,(anonymous_12)
FN:91,(anonymous_13)
FN:97,(anonymous_14)
FN:98,(anonymous_15)
FN:112,(anonymous_16)
FN:120,(anonymous_17)
FN:130,(anonymous_18)
FN:165,(anonymous_19)
FN:166,(anonymous_20)
FN:170,(anonymous_21)
FN:175,(anonymous_22)
FN:192,(anonymous_23)
FN:199,(anonymous_24)
FN:209,(anonymous_25)
FN:212,(anonymous_26)
FN:213,(anonymous_27)
FN:217,(anonymous_28)
FN:232,(anonymous_29)
FN:242,(anonymous_30)
FN:245,(anonymous_31)
FN:246,(anonymous_32)
FN:250,(anonymous_33)
FN:265,(anonymous_34)
FN:275,(anonymous_35)
FN:278,(anonymous_36)
FN:279,(anonymous_37)
FN:283,(anonymous_38)
FN:298,(anonymous_39)
FN:308,(anonymous_40)
FN:311,(anonymous_41)
FN:312,(anonymous_42)
FN:316,(anonymous_43)
FN:320,(anonymous_44)
FN:330,(anonymous_45)
FN:333,(anonymous_46)
FN:334,(anonymous_47)
FN:338,(anonymous_48)
FN:342,(anonymous_49)
FNF:50
FNH:39
FNDA:15,(anonymous_0)
FNDA:15,(anonymous_1)
FNDA:15,(anonymous_2)
FNDA:15,(anonymous_3)
FNDA:14,(anonymous_4)
FNDA:0,(anonymous_5)
FNDA:15,(anonymous_6)
FNDA:15,(anonymous_7)
FNDA:14,(anonymous_8)
FNDA:14,(anonymous_9)
FNDA:14,(anonymous_10)
FNDA:0,(anonymous_11)
FNDA:0,(anonymous_12)
FNDA:2,(anonymous_13)
FNDA:2,(anonymous_14)
FNDA:1,(anonymous_15)
FNDA:1,(anonymous_16)
FNDA:0,(anonymous_17)
FNDA:2,(anonymous_18)
FNDA:2,(anonymous_19)
FNDA:2,(anonymous_20)
FNDA:2,(anonymous_21)
FNDA:2,(anonymous_22)
FNDA:0,(anonymous_23)
FNDA:0,(anonymous_24)
FNDA:2,(anonymous_25)
FNDA:2,(anonymous_26)
FNDA:2,(anonymous_27)
FNDA:2,(anonymous_28)
FNDA:0,(anonymous_29)
FNDA:2,(anonymous_30)
FNDA:2,(anonymous_31)
FNDA:2,(anonymous_32)
FNDA:2,(anonymous_33)
FNDA:0,(anonymous_34)
FNDA:2,(anonymous_35)
FNDA:2,(anonymous_36)
FNDA:2,(anonymous_37)
FNDA:2,(anonymous_38)
FNDA:0,(anonymous_39)
FNDA:2,(anonymous_40)
FNDA:2,(anonymous_41)
FNDA:1,(anonymous_42)
FNDA:1,(anonymous_43)
FNDA:0,(anonymous_44)
FNDA:1,(anonymous_45)
FNDA:1,(anonymous_46)
FNDA:1,(anonymous_47)
FNDA:1,(anonymous_48)
FNDA:0,(anonymous_49)
DA:5,1
DA:6,1
DA:9,15
DA:11,15
DA:12,0
DA:15,15
DA:16,15
DA:21,15
DA:22,15
DA:26,15
DA:27,15
DA:28,15
DA:29,15
DA:31,14
DA:32,14
DA:35,0
DA:36,0
DA:37,0
DA:38,0
DA:41,0
DA:42,0
DA:43,0
DA:44,0
DA:50,15
DA:52,15
DA:53,15
DA:54,14
DA:67,14
DA:71,14
DA:72,14
DA:75,0
DA:76,0
DA:77,0
DA:82,0
DA:83,0
DA:84,0
DA:92,2
DA:94,2
DA:95,2
DA:97,2
DA:98,2
DA:99,1
DA:113,1
DA:117,1
DA:118,1
DA:121,0
DA:122,0
DA:123,0
DA:134,2
DA:136,2
DA:137,2
DA:138,2
DA:140,2
DA:141,0
DA:142,0
DA:144,2
DA:145,1
DA:146,1
DA:148,2
DA:149,2
DA:150,2
DA:152,2
DA:153,0
DA:154,0
DA:156,2
DA:157,0
DA:158,0
DA:161,2
DA:162,2
DA:163,2
DA:165,2
DA:166,2
DA:167,2
DA:172,2
DA:176,2
DA:177,1
DA:178,1
DA:186,1
DA:187,1
DA:189,1
DA:193,0
DA:194,0
DA:195,0
DA:200,0
DA:201,0
DA:202,0
DA:210,2
DA:212,2
DA:213,2
DA:214,2
DA:218,2
DA:219,1
DA:220,1
DA:229,1
DA:233,0
DA:234,0
DA:235,0
DA:243,2
DA:245,2
DA:246,2
DA:247,2
DA:251,2
DA:252,1
DA:253,1
DA:262,1
DA:266,0
DA:267,0
DA:268,0
DA:276,2
DA:278,2
DA:279,2
DA:280,2
DA:284,2
DA:285,2
DA:286,2
DA:287,2
DA:296,2
DA:299,0
DA:300,0
DA:301,0
DA:309,2
DA:311,2
DA:312,2
DA:313,1
DA:317,1
DA:318,1
DA:321,0
DA:322,0
DA:323,0
DA:331,1
DA:333,1
DA:334,1
DA:335,1
DA:339,1
DA:340,1
DA:343,0
DA:344,0
DA:345,0
DA:353,1
LF:139
LH:94
BRDA:9,0,0,0
BRDA:9,0,1,15
BRDA:11,1,0,0
BRDA:11,1,1,15
BRDA:50,2,0,0
BRDA:50,2,1,15
BRDA:92,3,0,0
BRDA:92,3,1,2
BRDA:106,4,0,0
BRDA:106,4,1,1
BRDA:108,5,0,0
BRDA:108,5,1,1
BRDA:134,6,0,0
BRDA:134,6,1,2
BRDA:140,7,0,0
BRDA:140,7,1,2
BRDA:144,8,0,1
BRDA:144,8,1,1
BRDA:148,9,0,2
BRDA:148,9,1,0
BRDA:150,10,0,2
BRDA:150,10,1,0
BRDA:152,11,0,0
BRDA:152,11,1,2
BRDA:156,12,0,0
BRDA:156,12,1,2
BRDA:158,13,0,0
BRDA:158,13,1,0
BRDA:176,14,0,1
BRDA:176,14,1,1
BRDA:210,15,0,0
BRDA:210,15,1,2
BRDA:218,16,0,1
BRDA:218,16,1,1
BRDA:243,17,0,0
BRDA:243,17,1,2
BRDA:251,18,0,1
BRDA:251,18,1,1
BRDA:276,19,0,0
BRDA:276,19,1,2
BRDA:309,20,0,0
BRDA:309,20,1,2
BRDA:331,21,0,0
BRDA:331,21,1,1
BRF:44
BRH:25
end_of_record
